{
	"start":	{
		"connected":	[{
				"socket":	6,
				"local_host":	"172.18.0.2",
				"local_port":	50002,
				"remote_host":	"172.18.0.3",
				"remote_port":	56012
			}, {
				"socket":	7,
				"local_host":	"172.18.0.2",
				"local_port":	50002,
				"remote_host":	"172.18.0.3",
				"remote_port":	49331
			}, {
				"socket":	10,
				"local_host":	"172.18.0.2",
				"local_port":	50002,
				"remote_host":	"172.18.0.3",
				"remote_port":	52765
			}, {
				"socket":	12,
				"local_host":	"172.18.0.2",
				"local_port":	50002,
				"remote_host":	"172.18.0.3",
				"remote_port":	54905
			}, {
				"socket":	14,
				"local_host":	"172.18.0.2",
				"local_port":	50002,
				"remote_host":	"172.18.0.3",
				"remote_port":	44523
			}],
		"version":	"iperf 3.11",
		"system_info":	"Linux ips-server 6.0.5-100.fc35.x86_64 #1 SMP PREEMPT_DYNAMIC Wed Oct 26 16:27:59 UTC 2022 x86_64",
		"target_bitrate":	1048576,
		"timestamp":	{
			"time":	"Mon, 07 Nov 2022 19:31:02 UTC",
			"timesecs":	1667849462
		},
		"accepted_connection":	{
			"host":	"172.18.0.3",
			"port":	33464
		},
		"cookie":	"bg7ztfpxp3qodq6ibhdqcigrxuxarfs32inu",
		"target_bitrate":	1048576,
		"sock_bufsize":	0,
		"sndbuf_actual":	212992,
		"rcvbuf_actual":	212992,
		"sock_bufsize":	0,
		"sndbuf_actual":	212992,
		"rcvbuf_actual":	212992,
		"sock_bufsize":	0,
		"sndbuf_actual":	212992,
		"rcvbuf_actual":	212992,
		"sock_bufsize":	0,
		"sndbuf_actual":	212992,
		"rcvbuf_actual":	212992,
		"sock_bufsize":	0,
		"sndbuf_actual":	212992,
		"rcvbuf_actual":	212992,
		"test_start":	{
			"protocol":	"UDP",
			"num_streams":	5,
			"blksize":	1448,
			"omit":	0,
			"duration":	60,
			"bytes":	0,
			"blocks":	0,
			"reverse":	1,
			"tos":	0,
			"target_bitrate":	1048576
		}
	},
	"intervals":	[{
			"streams":	[{
					"socket":	6,
					"start":	0,
					"end":	1.000079,
					"seconds":	1.0000790357589722,
					"bytes":	131768,
					"bits_per_second":	1054060.6915132436,
					"packets":	91,
					"omitted":	false,
					"sender":	true
				}, {
					"socket":	7,
					"start":	0,
					"end":	1.000128,
					"seconds":	1.0001280307769775,
					"bytes":	131768,
					"bits_per_second":	1054009.0544018236,
					"packets":	91,
					"omitted":	false,
					"sender":	true
				}, {
					"socket":	10,
					"start":	0,
					"end":	1.000129,
					"seconds":	1.0001289844512939,
					"bytes":	131768,
					"bits_per_second":	1054008.0493500952,
					"packets":	91,
					"omitted":	false,
					"sender":	true
				}, {
					"socket":	12,
					"start":	0,
					"end":	1.000129,
					"seconds":	1.0001289844512939,
					"bytes":	131768,
					"bits_per_second":	1054008.0493500952,
					"packets":	91,
					"omitted":	false,
					"sender":	true
				}, {
					"socket":	14,
					"start":	0,
					"end":	1.00013,
					"seconds":	1.0001300573349,
					"bytes":	131768,
					"bits_per_second":	1054006.9186691919,
					"packets":	91,
					"omitted":	false,
					"sender":	true
				}],
			"sum":	{
				"start":	0,
				"end":	1.000079,
				"seconds":	1.0000790357589722,
				"bytes":	658840,
				"bits_per_second":	5270303.4575662175,
				"packets":	455,
				"omitted":	false,
				"sender":	true
			}
		}, {
			"streams":	[{
					"socket":	6,
					"start":	1.000079,
					"end":	2.000088,
					"seconds":	1.0000089406967163,
					"bytes":	130320,
					"bits_per_second":	1042550.6788705689,
					"packets":	90,
					"omitted":	false,
					"sender":	true
				}, {
					"socket":	7,
					"start":	1.000128,
					"end":	2.000093,
					"seconds":	0.999965012073517,
					"bytes":	130320,
					"bits_per_second":	1042596.478288934,
					"packets":	90,
					"omitted":	false,
					"sender":	true
				}, {
					"socket":	10,
					"start":	1.000129,
					"end":	2.000094,
					"seconds":	0.999965012073517,
					"bytes":	130320,
					"bits_per_second":	1042596.478288934,
					"packets":	90,
					"omitted":	false,
					"sender":	true
				}, {
					"socket":	12,
					"start":	1.000129,
					"end":	2.000095,
					"seconds":	0.999966025352478,
					"bytes":	130320,
					"bits_per_second":	1042595.4218119641,
					"packets":	90,
					"omitted":	false,
					"sender":	true
				}, {
					"socket":	14,
					"start":	1.00013,
					"end":	2.000095,
					"seconds":	0.999965012073517,
					"bytes":	130320,
					"bits_per_second":	1042596.478288934,
					"packets":	90,
					"omitted":	false,
					"sender":	true
				}],
			"sum":	{
				"start":	1.000079,
				"end":	2.000088,
				"seconds":	1.0000089406967163,
				"bytes":	651600,
				"bits_per_second":	5212753.394352844,
				"packets":	450,
				"omitted":	false,
				"sender":	true
			}
		}, {
			"streams":	[{
					"socket":	6,
					"start":	2.000088,
					"end":	3.000077,
					"seconds":	0.99998897314071655,
					"bytes":	131768,
					"bits_per_second":	1054155.624025729,
					"packets":	91,
					"omitted":	false,
					"sender":	true
				}, {
					"socket":	7,
					"start":	2.000093,
					"end":	3.000109,
					"seconds":	1.0000159740448,
					"bytes":	131768,
					"bits_per_second":	1054127.1613255,
					"packets":	91,
					"omitted":	false,
					"sender":	true
				}, {
					"socket":	10,
					"start":	2.000094,
					"end":	3.00011,
					"seconds":	1.0000159740448,
					"bytes":	131768,
					"bits_per_second":	1054127.1613255,
					"packets":	91,
					"omitted":	false,
					"sender":	true
				}, {
					"socket":	12,
					"start":	2.000095,
					"end":	3.00011,
					"seconds":	1.0000150203704834,
					"bytes":	131768,
					"bits_per_second":	1054128.1666044006,
					"packets":	91,
					"omitted":	false,
					"sender":	true
				}, {
					"socket":	14,
					"start":	2.000095,
					"end":	3.00011,
					"seconds":	1.0000150203704834,
					"bytes":	131768,
					"bits_per_second":	1054128.1666044006,
					"packets":	91,
					"omitted":	false,
					"sender":	true
				}],
			"sum":	{
				"start":	2.000088,
				"end":	3.000077,
				"seconds":	0.99998897314071655,
				"bytes":	658840,
				"bits_per_second":	5270778.1201286446,
				"packets":	455,
				"omitted":	false,
				"sender":	true
			}
		}, {
			"streams":	[{
					"socket":	6,
					"start":	3.000077,
					"end":	4.000354,
					"seconds":	1.000277042388916,
					"bytes":	130320,
					"bits_per_second":	1042271.2466839203,
					"packets":	90,
					"omitted":	false,
					"sender":	true
				}, {
					"socket":	7,
					"start":	3.000109,
					"end":	4.000411,
					"seconds":	1.0003019571304321,
					"bytes":	130320,
					"bits_per_second":	1042245.2866040507,
					"packets":	90,
					"omitted":	false,
					"sender":	true
				}, {
					"socket":	10,
					"start":	3.00011,
					"end":	4.000412,
					"seconds":	1.0003019571304321,
					"bytes":	130320,
					"bits_per_second":	1042245.2866040507,
					"packets":	90,
					"omitted":	false,
					"sender":	true
				}, {
					"socket":	12,
					"start":	3.00011,
					"end":	4.000413,
					"seconds":	1.0003030300140381,
					"bytes":	130320,
					"bits_per_second":	1042244.1687349172,
					"packets":	90,
					"omitted":	false,
					"sender":	true
				}, {
					"socket":	14,
					"start":	3.00011,
					"end":	4.000414,
					"seconds":	1.0003039836883545,
					"bytes":	130320,
					"bits_per_second":	1042243.1750754783,
					"packets":	90,
					"omitted":	false,
					"sender":	true
				}],
			"sum":	{
				"start":	3.000077,
				"end":	4.000354,
				"seconds":	1.000277042388916,
				"bytes":	651600,
				"bits_per_second":	5211356.2334196,
				"packets":	450,
				"omitted":	false,
				"sender":	true
			}
		}, {
			"streams":	[{
					"socket":	6,
					"start":	4.000354,
					"end":	5.000079,
					"seconds":	0.99972498416900635,
					"bytes":	131768,
					"bits_per_second":	1054433.9860388984,
					"packets":	91,
					"omitted":	false,
					"sender":	true
				}, {
					"socket":	7,
					"start":	4.000411,
					"end":	5.000125,
					"seconds":	0.99971401691436768,
					"bytes":	131768,
					"bits_per_second":	1054445.5535930479,
					"packets":	91,
					"omitted":	false,
					"sender":	true
				}, {
					"socket":	10,
					"start":	4.000412,
					"end":	5.000126,
					"seconds":	0.99971401691436768,
					"bytes":	131768,
					"bits_per_second":	1054445.5535930479,
					"packets":	91,
					"omitted":	false,
					"sender":	true
				}, {
					"socket":	12,
					"start":	4.000413,
					"end":	5.000127,
					"seconds":	0.99971401691436768,
					"bytes":	131768,
					"bits_per_second":	1054445.5535930479,
					"packets":	91,
					"omitted":	false,
					"sender":	true
				}, {
					"socket":	14,
					"start":	4.000414,
					"end":	5.000127,
					"seconds":	0.99971300363540649,
					"bytes":	131768,
					"bits_per_second":	1054446.6223472715,
					"packets":	91,
					"omitted":	false,
					"sender":	true
				}],
			"sum":	{
				"start":	4.000354,
				"end":	5.000079,
				"seconds":	0.99972498416900635,
				"bytes":	658840,
				"bits_per_second":	5272169.9301944925,
				"packets":	455,
				"omitted":	false,
				"sender":	true
			}
		}, {
			"streams":	[{
					"socket":	6,
					"start":	5.000079,
					"end":	6.000077,
					"seconds":	0.99999797344207764,
					"bytes":	131768,
					"bits_per_second":	1054146.1362882038,
					"packets":	91,
					"omitted":	false,
					"sender":	true
				}, {
					"socket":	7,
					"start":	5.000125,
					"end":	6.000081,
					"seconds":	0.99995601177215576,
					"bytes":	131768,
					"bits_per_second":	1054190.3719662733,
					"packets":	91,
					"omitted":	false,
					"sender":	true
				}, {
					"socket":	10,
					"start":	5.000126,
					"end":	6.000082,
					"seconds":	0.99995601177215576,
					"bytes":	131768,
					"bits_per_second":	1054190.3719662733,
					"packets":	91,
					"omitted":	false,
					"sender":	true
				}, {
					"socket":	12,
					"start":	5.000127,
					"end":	6.000083,
					"seconds":	0.99995601177215576,
					"bytes":	131768,
					"bits_per_second":	1054190.3719662733,
					"packets":	91,
					"omitted":	false,
					"sender":	true
				}, {
					"socket":	14,
					"start":	5.000127,
					"end":	6.000083,
					"seconds":	0.99995601177215576,
					"bytes":	131768,
					"bits_per_second":	1054190.3719662733,
					"packets":	91,
					"omitted":	false,
					"sender":	true
				}],
			"sum":	{
				"start":	5.000079,
				"end":	6.000077,
				"seconds":	0.99999797344207764,
				"bytes":	658840,
				"bits_per_second":	5270730.68144102,
				"packets":	455,
				"omitted":	false,
				"sender":	true
			}
		}, {
			"streams":	[{
					"socket":	6,
					"start":	6.000077,
					"end":	7.00008,
					"seconds":	1.0000029802322388,
					"bytes":	130320,
					"bits_per_second":	1042556.8929383369,
					"packets":	90,
					"omitted":	false,
					"sender":	true
				}, {
					"socket":	7,
					"start":	6.000081,
					"end":	7.000085,
					"seconds":	1.0000040531158447,
					"bytes":	130320,
					"bits_per_second":	1042555.7744006717,
					"packets":	90,
					"omitted":	false,
					"sender":	true
				}, {
					"socket":	10,
					"start":	6.000082,
					"end":	7.000086,
					"seconds":	1.0000040531158447,
					"bytes":	130320,
					"bits_per_second":	1042555.7744006717,
					"packets":	90,
					"omitted":	false,
					"sender":	true
				}, {
					"socket":	12,
					"start":	6.000083,
					"end":	7.000086,
					"seconds":	1.0000029802322388,
					"bytes":	130320,
					"bits_per_second":	1042556.8929383369,
					"packets":	90,
					"omitted":	false,
					"sender":	true
				}, {
					"socket":	14,
					"start":	6.000083,
					"end":	7.000087,
					"seconds":	1.0000040531158447,
					"bytes":	130320,
					"bits_per_second":	1042555.7744006717,
					"packets":	90,
					"omitted":	false,
					"sender":	true
				}],
			"sum":	{
				"start":	6.000077,
				"end":	7.00008,
				"seconds":	1.0000029802322388,
				"bytes":	651600,
				"bits_per_second":	5212784.4646916846,
				"packets":	450,
				"omitted":	false,
				"sender":	true
			}
		}, {
			"streams":	[{
					"socket":	6,
					"start":	7.00008,
					"end":	8.000091,
					"seconds":	1.0000109672546387,
					"bytes":	131768,
					"bits_per_second":	1054132.4390611178,
					"packets":	91,
					"omitted":	false,
					"sender":	true
				}, {
					"socket":	7,
					"start":	7.000085,
					"end":	8.000118,
					"seconds":	1.0000330209732056,
					"bytes":	131768,
					"bits_per_second":	1054109.1922886057,
					"packets":	91,
					"omitted":	false,
					"sender":	true
				}, {
					"socket":	10,
					"start":	7.000086,
					"end":	8.000118,
					"seconds":	1.0000319480895996,
					"bytes":	131768,
					"bits_per_second":	1054110.3231889468,
					"packets":	91,
					"omitted":	false,
					"sender":	true
				}, {
					"socket":	12,
					"start":	7.000086,
					"end":	8.000119,
					"seconds":	1.0000330209732056,
					"bytes":	131768,
					"bits_per_second":	1054109.1922886057,
					"packets":	91,
					"omitted":	false,
					"sender":	true
				}, {
					"socket":	14,
					"start":	7.000087,
					"end":	8.00012,
					"seconds":	1.0000330209732056,
					"bytes":	131768,
					"bits_per_second":	1054109.1922886057,
					"packets":	91,
					"omitted":	false,
					"sender":	true
				}],
			"sum":	{
				"start":	7.00008,
				"end":	8.000091,
				"seconds":	1.0000109672546387,
				"bytes":	658840,
				"bits_per_second":	5270662.19530559,
				"packets":	455,
				"omitted":	false,
				"sender":	true
			}
		}, {
			"streams":	[{
					"socket":	6,
					"start":	8.000091,
					"end":	9.000079,
					"seconds":	0.9999880194664,
					"bytes":	130320,
					"bits_per_second":	1042572.4905747536,
					"packets":	90,
					"omitted":	false,
					"sender":	true
				}, {
					"socket":	7,
					"start":	8.000118,
					"end":	9.000122,
					"seconds":	1.0000040531158447,
					"bytes":	130320,
					"bits_per_second":	1042555.7744006717,
					"packets":	90,
					"omitted":	false,
					"sender":	true
				}, {
					"socket":	10,
					"start":	8.000118,
					"end":	9.000123,
					"seconds":	1.0000050067901611,
					"bytes":	130320,
					"bits_per_second":	1042554.7801469843,
					"packets":	90,
					"omitted":	false,
					"sender":	true
				}, {
					"socket":	12,
					"start":	8.000119,
					"end":	9.000124,
					"seconds":	1.0000050067901611,
					"bytes":	130320,
					"bits_per_second":	1042554.7801469843,
					"packets":	90,
					"omitted":	false,
					"sender":	true
				}, {
					"socket":	14,
					"start":	8.00012,
					"end":	9.000125,
					"seconds":	1.0000050067901611,
					"bytes":	130320,
					"bits_per_second":	1042554.7801469843,
					"packets":	90,
					"omitted":	false,
					"sender":	true
				}],
			"sum":	{
				"start":	8.000091,
				"end":	9.000079,
				"seconds":	0.9999880194664,
				"bytes":	651600,
				"bits_per_second":	5212862.4528737683,
				"packets":	450,
				"omitted":	false,
				"sender":	true
			}
		}, {
			"streams":	[{
					"socket":	6,
					"start":	9.000079,
					"end":	10.000081,
					"seconds":	1.0000020265579224,
					"bytes":	131768,
					"bits_per_second":	1054141.8637204547,
					"packets":	91,
					"omitted":	false,
					"sender":	true
				}, {
					"socket":	7,
					"start":	9.000122,
					"end":	10.000084,
					"seconds":	0.9999619722366333,
					"bytes":	131768,
					"bits_per_second":	1054184.0882630534,
					"packets":	91,
					"omitted":	false,
					"sender":	true
				}, {
					"socket":	10,
					"start":	9.000123,
					"end":	10.000085,
					"seconds":	0.9999619722366333,
					"bytes":	131768,
					"bits_per_second":	1054184.0882630534,
					"packets":	91,
					"omitted":	false,
					"sender":	true
				}, {
					"socket":	12,
					"start":	9.000124,
					"end":	10.000085,
					"seconds":	0.999961018562317,
					"bytes":	131768,
					"bits_per_second":	1054185.0936505345,
					"packets":	91,
					"omitted":	false,
					"sender":	true
				}, {
					"socket":	14,
					"start":	9.000125,
					"end":	10.000086,
					"seconds":	0.999961018562317,
					"bytes":	131768,
					"bits_per_second":	1054185.0936505345,
					"packets":	91,
					"omitted":	false,
					"sender":	true
				}],
			"sum":	{
				"start":	9.000079,
				"end":	10.000081,
				"seconds":	1.0000020265579224,
				"bytes":	658840,
				"bits_per_second":	5270709.3186022742,
				"packets":	455,
				"omitted":	false,
				"sender":	true
			}
		}, {
			"streams":	[{
					"socket":	6,
					"start":	10.000081,
					"end":	11.000079,
					"seconds":	0.99999797344207764,
					"bytes":	130320,
					"bits_per_second":	1042562.1128125093,
					"packets":	90,
					"omitted":	false,
					"sender":	true
				}, {
					"socket":	7,
					"start":	10.000084,
					"end":	11.000122,
					"seconds":	1.0000380277633667,
					"bytes":	130320,
					"bits_per_second":	1042520.3552826244,
					"packets":	90,
					"omitted":	false,
					"sender":	true
				}, {
					"socket":	10,
					"start":	10.000085,
					"end":	11.000123,
					"seconds":	1.0000380277633667,
					"bytes":	130320,
					"bits_per_second":	1042520.3552826244,
					"packets":	90,
					"omitted":	false,
					"sender":	true
				}, {
					"socket":	12,
					"start":	10.000085,
					"end":	11.000124,
					"seconds":	1.0000389814376831,
					"bytes":	130320,
					"bits_per_second":	1042519.361096492,
					"packets":	90,
					"omitted":	false,
					"sender":	true
				}, {
					"socket":	14,
					"start":	10.000086,
					"end":	11.000124,
					"seconds":	1.0000380277633667,
					"bytes":	130320,
					"bits_per_second":	1042520.3552826244,
					"packets":	90,
					"omitted":	false,
					"sender":	true
				}],
			"sum":	{
				"start":	10.000081,
				"end":	11.000079,
				"seconds":	0.99999797344207764,
				"bytes":	651600,
				"bits_per_second":	5212810.564062546,
				"packets":	450,
				"omitted":	false,
				"sender":	true
			}
		}, {
			"streams":	[{
					"socket":	6,
					"start":	11.000079,
					"end":	12.000081,
					"seconds":	1.0000020265579224,
					"bytes":	131768,
					"bits_per_second":	1054141.8637204547,
					"packets":	91,
					"omitted":	false,
					"sender":	true
				}, {
					"socket":	7,
					"start":	11.000122,
					"end":	12.000084,
					"seconds":	0.9999619722366333,
					"bytes":	131768,
					"bits_per_second":	1054184.0882630534,
					"packets":	91,
					"omitted":	false,
					"sender":	true
				}, {
					"socket":	10,
					"start":	11.000123,
					"end":	12.000084,
					"seconds":	0.999961018562317,
					"bytes":	131768,
					"bits_per_second":	1054185.0936505345,
					"packets":	91,
					"omitted":	false,
					"sender":	true
				}, {
					"socket":	12,
					"start":	11.000124,
					"end":	12.000085,
					"seconds":	0.999961018562317,
					"bytes":	131768,
					"bits_per_second":	1054185.0936505345,
					"packets":	91,
					"omitted":	false,
					"sender":	true
				}, {
					"socket":	14,
					"start":	11.000124,
					"end":	12.000085,
					"seconds":	0.999961018562317,
					"bytes":	131768,
					"bits_per_second":	1054185.0936505345,
					"packets":	91,
					"omitted":	false,
					"sender":	true
				}],
			"sum":	{
				"start":	11.000079,
				"end":	12.000081,
				"seconds":	1.0000020265579224,
				"bytes":	658840,
				"bits_per_second":	5270709.3186022742,
				"packets":	455,
				"omitted":	false,
				"sender":	true
			}
		}, {
			"streams":	[{
					"socket":	6,
					"start":	12.000081,
					"end":	13.000079,
					"seconds":	0.99999797344207764,
					"bytes":	130320,
					"bits_per_second":	1042562.1128125093,
					"packets":	90,
					"omitted":	false,
					"sender":	true
				}, {
					"socket":	7,
					"start":	12.000084,
					"end":	13.00012,
					"seconds":	1.0000360012054443,
					"bytes":	130320,
					"bits_per_second":	1042522.4679344515,
					"packets":	90,
					"omitted":	false,
					"sender":	true
				}, {
					"socket":	10,
					"start":	12.000084,
					"end":	13.000121,
					"seconds":	1.0000369548797607,
					"bytes":	130320,
					"bits_per_second":	1042521.47374429,
					"packets":	90,
					"omitted":	false,
					"sender":	true
				}, {
					"socket":	12,
					"start":	12.000085,
					"end":	13.000121,
					"seconds":	1.0000360012054443,
					"bytes":	130320,
					"bits_per_second":	1042522.4679344515,
					"packets":	90,
					"omitted":	false,
					"sender":	true
				}, {
					"socket":	14,
					"start":	12.000085,
					"end":	13.000122,
					"seconds":	1.0000369548797607,
					"bytes":	130320,
					"bits_per_second":	1042521.47374429,
					"packets":	90,
					"omitted":	false,
					"sender":	true
				}],
			"sum":	{
				"start":	12.000081,
				"end":	13.000079,
				"seconds":	0.99999797344207764,
				"bytes":	651600,
				"bits_per_second":	5212810.564062546,
				"packets":	450,
				"omitted":	false,
				"sender":	true
			}
		}, {
			"streams":	[{
					"socket":	6,
					"start":	13.000079,
					"end":	14.00008,
					"seconds":	1.0000009536743164,
					"bytes":	131768,
					"bits_per_second":	1054142.9946909,
					"packets":	91,
					"omitted":	false,
					"sender":	true
				}, {
					"socket":	7,
					"start":	13.00012,
					"end":	14.000085,
					"seconds":	0.999965012073517,
					"bytes":	131768,
					"bits_per_second":	1054180.8836032555,
					"packets":	91,
					"omitted":	false,
					"sender":	true
				}, {
					"socket":	10,
					"start":	13.000121,
					"end":	14.000085,
					"seconds":	0.99996399879455566,
					"bytes":	131768,
					"bits_per_second":	1054181.9518210231,
					"packets":	91,
					"omitted":	false,
					"sender":	true
				}, {
					"socket":	12,
					"start":	13.000121,
					"end":	14.000086,
					"seconds":	0.999965012073517,
					"bytes":	131768,
					"bits_per_second":	1054180.8836032555,
					"packets":	91,
					"omitted":	false,
					"sender":	true
				}, {
					"socket":	14,
					"start":	13.000122,
					"end":	14.000087,
					"seconds":	0.999965012073517,
					"bytes":	131768,
					"bits_per_second":	1054180.8836032555,
					"packets":	91,
					"omitted":	false,
					"sender":	true
				}],
			"sum":	{
				"start":	13.000079,
				"end":	14.00008,
				"seconds":	1.0000009536743164,
				"bytes":	658840,
				"bits_per_second":	5270714.9734545,
				"packets":	455,
				"omitted":	false,
				"sender":	true
			}
		}, {
			"streams":	[{
					"socket":	6,
					"start":	14.00008,
					"end":	15.000079,
					"seconds":	0.99999898672103882,
					"bytes":	130320,
					"bits_per_second":	1042561.0564051842,
					"packets":	90,
					"omitted":	false,
					"sender":	true
				}, {
					"socket":	7,
					"start":	14.000085,
					"end":	15.000123,
					"seconds":	1.0000380277633667,
					"bytes":	130320,
					"bits_per_second":	1042520.3552826244,
					"packets":	90,
					"omitted":	false,
					"sender":	true
				}, {
					"socket":	10,
					"start":	14.000085,
					"end":	15.000124,
					"seconds":	1.0000389814376831,
					"bytes":	130320,
					"bits_per_second":	1042519.361096492,
					"packets":	90,
					"omitted":	false,
					"sender":	true
				}, {
					"socket":	12,
					"start":	14.000086,
					"end":	15.000124,
					"seconds":	1.0000380277633667,
					"bytes":	130320,
					"bits_per_second":	1042520.3552826244,
					"packets":	90,
					"omitted":	false,
					"sender":	true
				}, {
					"socket":	14,
					"start":	14.000087,
					"end":	15.000125,
					"seconds":	1.0000380277633667,
					"bytes":	130320,
					"bits_per_second":	1042520.3552826244,
					"packets":	90,
					"omitted":	false,
					"sender":	true
				}],
			"sum":	{
				"start":	14.00008,
				"end":	15.000079,
				"seconds":	0.99999898672103882,
				"bytes":	651600,
				"bits_per_second":	5212805.28202592,
				"packets":	450,
				"omitted":	false,
				"sender":	true
			}
		}, {
			"streams":	[{
					"socket":	6,
					"start":	15.000079,
					"end":	16.000053,
					"seconds":	0.999974012374878,
					"bytes":	131768,
					"bits_per_second":	1054171.3954110383,
					"packets":	91,
					"omitted":	false,
					"sender":	true
				}, {
					"socket":	7,
					"start":	15.000123,
					"end":	16.000057,
					"seconds":	0.99993401765823364,
					"bytes":	131768,
					"bits_per_second":	1054213.5594793763,
					"packets":	91,
					"omitted":	false,
					"sender":	true
				}, {
					"socket":	10,
					"start":	15.000124,
					"end":	16.000057,
					"seconds":	0.99993300437927246,
					"bytes":	131768,
					"bits_per_second":	1054214.627763367,
					"packets":	91,
					"omitted":	false,
					"sender":	true
				}, {
					"socket":	12,
					"start":	15.000124,
					"end":	16.000058,
					"seconds":	0.99993401765823364,
					"bytes":	131768,
					"bits_per_second":	1054213.5594793763,
					"packets":	91,
					"omitted":	false,
					"sender":	true
				}, {
					"socket":	14,
					"start":	15.000125,
					"end":	16.000058,
					"seconds":	0.99993300437927246,
					"bytes":	131768,
					"bits_per_second":	1054214.627763367,
					"packets":	91,
					"omitted":	false,
					"sender":	true
				}],
			"sum":	{
				"start":	15.000079,
				"end":	16.000053,
				"seconds":	0.999974012374878,
				"bytes":	658840,
				"bits_per_second":	5270856.977055192,
				"packets":	455,
				"omitted":	false,
				"sender":	true
			}
		}, {
			"streams":	[{
					"socket":	6,
					"start":	16.000053,
					"end":	17.000082,
					"seconds":	1.0000289678573608,
					"bytes":	130320,
					"bits_per_second":	1042529.8001454549,
					"packets":	90,
					"omitted":	false,
					"sender":	true
				}, {
					"socket":	7,
					"start":	16.000057,
					"end":	17.000137,
					"seconds":	1.0000799894332886,
					"bytes":	130320,
					"bits_per_second":	1042476.6128865186,
					"packets":	90,
					"omitted":	false,
					"sender":	true
				}, {
					"socket":	10,
					"start":	16.000057,
					"end":	17.000138,
					"seconds":	1.000080943107605,
					"bytes":	130320,
					"bits_per_second":	1042475.6187838132,
					"packets":	90,
					"omitted":	false,
					"sender":	true
				}, {
					"socket":	12,
					"start":	16.000058,
					"end":	17.000139,
					"seconds":	1.000080943107605,
					"bytes":	130320,
					"bits_per_second":	1042475.6187838132,
					"packets":	90,
					"omitted":	false,
					"sender":	true
				}, {
					"socket":	14,
					"start":	16.000058,
					"end":	17.000139,
					"seconds":	1.000080943107605,
					"bytes":	130320,
					"bits_per_second":	1042475.6187838132,
					"packets":	90,
					"omitted":	false,
					"sender":	true
				}],
			"sum":	{
				"start":	16.000053,
				"end":	17.000082,
				"seconds":	1.0000289678573608,
				"bytes":	651600,
				"bits_per_second":	5212649.0007272745,
				"packets":	450,
				"omitted":	false,
				"sender":	true
			}
		}, {
			"streams":	[{
					"socket":	6,
					"start":	17.000082,
					"end":	18.000055,
					"seconds":	0.99997299909591675,
					"bytes":	131768,
					"bits_per_second":	1054172.4636095772,
					"packets":	91,
					"omitted":	false,
					"sender":	true
				}, {
					"socket":	7,
					"start":	17.000137,
					"end":	18.000058,
					"seconds":	0.99992102384567261,
					"bytes":	131768,
					"bits_per_second":	1054227.2588146883,
					"packets":	91,
					"omitted":	false,
					"sender":	true
				}, {
					"socket":	10,
					"start":	17.000138,
					"end":	18.000059,
					"seconds":	0.99992102384567261,
					"bytes":	131768,
					"bits_per_second":	1054227.2588146883,
					"packets":	91,
					"omitted":	false,
					"sender":	true
				}, {
					"socket":	12,
					"start":	17.000139,
					"end":	18.00006,
					"seconds":	0.99992102384567261,
					"bytes":	131768,
					"bits_per_second":	1054227.2588146883,
					"packets":	91,
					"omitted":	false,
					"sender":	true
				}, {
					"socket":	14,
					"start":	17.000139,
					"end":	18.00006,
					"seconds":	0.99992102384567261,
					"bytes":	131768,
					"bits_per_second":	1054227.2588146883,
					"packets":	91,
					"omitted":	false,
					"sender":	true
				}],
			"sum":	{
				"start":	17.000082,
				"end":	18.000055,
				"seconds":	0.99997299909591675,
				"bytes":	658840,
				"bits_per_second":	5270862.3180478858,
				"packets":	455,
				"omitted":	false,
				"sender":	true
			}
		}, {
			"streams":	[{
					"socket":	6,
					"start":	18.000055,
					"end":	19.000097,
					"seconds":	1.0000419616699219,
					"bytes":	130320,
					"bits_per_second":	1042516.2542770498,
					"packets":	90,
					"omitted":	false,
					"sender":	true
				}, {
					"socket":	7,
					"start":	18.000058,
					"end":	19.000125,
					"seconds":	1.0000669956207275,
					"bytes":	130320,
					"bits_per_second":	1042490.1577247808,
					"packets":	90,
					"omitted":	false,
					"sender":	true
				}, {
					"socket":	10,
					"start":	18.000059,
					"end":	19.000126,
					"seconds":	1.0000669956207275,
					"bytes":	130320,
					"bits_per_second":	1042490.1577247808,
					"packets":	90,
					"omitted":	false,
					"sender":	true
				}, {
					"socket":	12,
					"start":	18.00006,
					"end":	19.000127,
					"seconds":	1.0000669956207275,
					"bytes":	130320,
					"bits_per_second":	1042490.1577247808,
					"packets":	90,
					"omitted":	false,
					"sender":	true
				}, {
					"socket":	14,
					"start":	18.00006,
					"end":	19.000128,
					"seconds":	1.0000679492950439,
					"bytes":	130320,
					"bits_per_second":	1042489.1635962427,
					"packets":	90,
					"omitted":	false,
					"sender":	true
				}],
			"sum":	{
				"start":	18.000055,
				"end":	19.000097,
				"seconds":	1.0000419616699219,
				"bytes":	651600,
				"bits_per_second":	5212581.27138525,
				"packets":	450,
				"omitted":	false,
				"sender":	true
			}
		}, {
			"streams":	[{
					"socket":	6,
					"start":	19.000097,
					"end":	20.000084,
					"seconds":	0.999987006187439,
					"bytes":	131768,
					"bits_per_second":	1054157.6975275315,
					"packets":	91,
					"omitted":	false,
					"sender":	true
				}, {
					"socket":	7,
					"start":	19.000125,
					"end":	20.000088,
					"seconds":	0.99996298551559448,
					"bytes":	131768,
					"bits_per_second":	1054183.0200409559,
					"packets":	91,
					"omitted":	false,
					"sender":	true
				}, {
					"socket":	10,
					"start":	19.000126,
					"end":	20.000089,
					"seconds":	0.99996298551559448,
					"bytes":	131768,
					"bits_per_second":	1054183.0200409559,
					"packets":	91,
					"omitted":	false,
					"sender":	true
				}, {
					"socket":	12,
					"start":	19.000127,
					"end":	20.00009,
					"seconds":	0.99996298551559448,
					"bytes":	131768,
					"bits_per_second":	1054183.0200409559,
					"packets":	91,
					"omitted":	false,
					"sender":	true
				}, {
					"socket":	14,
					"start":	19.000128,
					"end":	20.000091,
					"seconds":	0.99996298551559448,
					"bytes":	131768,
					"bits_per_second":	1054183.0200409559,
					"packets":	91,
					"omitted":	false,
					"sender":	true
				}],
			"sum":	{
				"start":	19.000097,
				"end":	20.000084,
				"seconds":	0.999987006187439,
				"bytes":	658840,
				"bits_per_second":	5270788.4876376577,
				"packets":	455,
				"omitted":	false,
				"sender":	true
			}
		}, {
			"streams":	[{
					"socket":	6,
					"start":	20.000084,
					"end":	21.000079,
					"seconds":	0.999994993209839,
					"bytes":	130320,
					"bits_per_second":	1042565.2199052854,
					"packets":	90,
					"omitted":	false,
					"sender":	true
				}, {
					"socket":	7,
					"start":	20.000088,
					"end":	21.000131,
					"seconds":	1.0000430345535278,
					"bytes":	130320,
					"bits_per_second":	1042515.1358265837,
					"packets":	90,
					"omitted":	false,
					"sender":	true
				}, {
					"socket":	10,
					"start":	20.000089,
					"end":	21.000132,
					"seconds":	1.0000430345535278,
					"bytes":	130320,
					"bits_per_second":	1042515.1358265837,
					"packets":	90,
					"omitted":	false,
					"sender":	true
				}, {
					"socket":	12,
					"start":	20.00009,
					"end":	21.000133,
					"seconds":	1.0000430345535278,
					"bytes":	130320,
					"bits_per_second":	1042515.1358265837,
					"packets":	90,
					"omitted":	false,
					"sender":	true
				}, {
					"socket":	14,
					"start":	20.000091,
					"end":	21.000133,
					"seconds":	1.0000419616699219,
					"bytes":	130320,
					"bits_per_second":	1042516.2542770498,
					"packets":	90,
					"omitted":	false,
					"sender":	true
				}],
			"sum":	{
				"start":	20.000084,
				"end":	21.000079,
				"seconds":	0.999994993209839,
				"bytes":	651600,
				"bits_per_second":	5212826.0995264268,
				"packets":	450,
				"omitted":	false,
				"sender":	true
			}
		}, {
			"streams":	[{
					"socket":	6,
					"start":	21.000079,
					"end":	22.000079,
					"seconds":	1,
					"bytes":	131768,
					"bits_per_second":	1054144,
					"packets":	91,
					"omitted":	false,
					"sender":	true
				}, {
					"socket":	7,
					"start":	21.000131,
					"end":	22.000082,
					"seconds":	0.99995100498199463,
					"bytes":	131768,
					"bits_per_second":	1054195.6503348693,
					"packets":	91,
					"omitted":	false,
					"sender":	true
				}, {
					"socket":	10,
					"start":	21.000132,
					"end":	22.000083,
					"seconds":	0.99995100498199463,
					"bytes":	131768,
					"bits_per_second":	1054195.6503348693,
					"packets":	91,
					"omitted":	false,
					"sender":	true
				}, {
					"socket":	12,
					"start":	21.000133,
					"end":	22.000083,
					"seconds":	0.99994999170303345,
					"bytes":	131768,
					"bits_per_second":	1054196.718582564,
					"packets":	91,
					"omitted":	false,
					"sender":	true
				}, {
					"socket":	14,
					"start":	21.000133,
					"end":	22.000084,
					"seconds":	0.99995100498199463,
					"bytes":	131768,
					"bits_per_second":	1054195.6503348693,
					"packets":	91,
					"omitted":	false,
					"sender":	true
				}],
			"sum":	{
				"start":	21.000079,
				"end":	22.000079,
				"seconds":	1,
				"bytes":	658840,
				"bits_per_second":	5270720,
				"packets":	455,
				"omitted":	false,
				"sender":	true
			}
		}, {
			"streams":	[{
					"socket":	6,
					"start":	22.000079,
					"end":	23.00008,
					"seconds":	1.0000009536743164,
					"bytes":	130320,
					"bits_per_second":	1042559.0057382529,
					"packets":	90,
					"omitted":	false,
					"sender":	true
				}, {
					"socket":	7,
					"start":	22.000082,
					"end":	23.000102,
					"seconds":	1.0000200271606445,
					"bytes":	130320,
					"bits_per_second":	1042539.1209015475,
					"packets":	90,
					"omitted":	false,
					"sender":	true
				}, {
					"socket":	10,
					"start":	22.000083,
					"end":	23.000103,
					"seconds":	1.0000200271606445,
					"bytes":	130320,
					"bits_per_second":	1042539.1209015475,
					"packets":	90,
					"omitted":	false,
					"sender":	true
				}, {
					"socket":	12,
					"start":	22.000083,
					"end":	23.000104,
					"seconds":	1.0000209808349609,
					"bytes":	130320,
					"bits_per_second":	1042538.1266796236,
					"packets":	90,
					"omitted":	false,
					"sender":	true
				}, {
					"socket":	14,
					"start":	22.000084,
					"end":	23.000104,
					"seconds":	1.0000200271606445,
					"bytes":	130320,
					"bits_per_second":	1042539.1209015475,
					"packets":	90,
					"omitted":	false,
					"sender":	true
				}],
			"sum":	{
				"start":	22.000079,
				"end":	23.00008,
				"seconds":	1.0000009536743164,
				"bytes":	651600,
				"bits_per_second":	5212795.0286912648,
				"packets":	450,
				"omitted":	false,
				"sender":	true
			}
		}, {
			"streams":	[{
					"socket":	6,
					"start":	23.00008,
					"end":	24.000079,
					"seconds":	0.99999898672103882,
					"bytes":	131768,
					"bits_per_second":	1054145.06814302,
					"packets":	91,
					"omitted":	false,
					"sender":	true
				}, {
					"socket":	7,
					"start":	23.000102,
					"end":	24.000083,
					"seconds":	0.99998098611831665,
					"bytes":	131768,
					"bits_per_second":	1054164.0437504028,
					"packets":	91,
					"omitted":	false,
					"sender":	true
				}, {
					"socket":	10,
					"start":	23.000103,
					"end":	24.000083,
					"seconds":	0.99997997283935547,
					"bytes":	131768,
					"bits_per_second":	1054165.1119340425,
					"packets":	91,
					"omitted":	false,
					"sender":	true
				}, {
					"socket":	12,
					"start":	23.000104,
					"end":	24.000084,
					"seconds":	0.99997997283935547,
					"bytes":	131768,
					"bits_per_second":	1054165.1119340425,
					"packets":	91,
					"omitted":	false,
					"sender":	true
				}, {
					"socket":	14,
					"start":	23.000104,
					"end":	24.000084,
					"seconds":	0.99997997283935547,
					"bytes":	131768,
					"bits_per_second":	1054165.1119340425,
					"packets":	91,
					"omitted":	false,
					"sender":	true
				}],
			"sum":	{
				"start":	23.00008,
				"end":	24.000079,
				"seconds":	0.99999898672103882,
				"bytes":	658840,
				"bits_per_second":	5270725.3407150982,
				"packets":	455,
				"omitted":	false,
				"sender":	true
			}
		}, {
			"streams":	[{
					"socket":	6,
					"start":	24.000079,
					"end":	25.000079,
					"seconds":	1,
					"bytes":	130320,
					"bits_per_second":	1042560,
					"packets":	90,
					"omitted":	false,
					"sender":	true
				}, {
					"socket":	7,
					"start":	24.000083,
					"end":	25.000123,
					"seconds":	1.0000400543212891,
					"bytes":	130320,
					"bits_per_second":	1042518.2426393597,
					"packets":	90,
					"omitted":	false,
					"sender":	true
				}, {
					"socket":	10,
					"start":	24.000083,
					"end":	25.000124,
					"seconds":	1.0000410079956055,
					"bytes":	130320,
					"bits_per_second":	1042517.2484572566,
					"packets":	90,
					"omitted":	false,
					"sender":	true
				}, {
					"socket":	12,
					"start":	24.000084,
					"end":	25.000125,
					"seconds":	1.0000410079956055,
					"bytes":	130320,
					"bits_per_second":	1042517.2484572566,
					"packets":	90,
					"omitted":	false,
					"sender":	true
				}, {
					"socket":	14,
					"start":	24.000084,
					"end":	25.000125,
					"seconds":	1.0000410079956055,
					"bytes":	130320,
					"bits_per_second":	1042517.2484572566,
					"packets":	90,
					"omitted":	false,
					"sender":	true
				}],
			"sum":	{
				"start":	24.000079,
				"end":	25.000079,
				"seconds":	1,
				"bytes":	651600,
				"bits_per_second":	5212800,
				"packets":	450,
				"omitted":	false,
				"sender":	true
			}
		}, {
			"streams":	[{
					"socket":	6,
					"start":	25.000079,
					"end":	26.00008,
					"seconds":	1.0000009536743164,
					"bytes":	131768,
					"bits_per_second":	1054142.9946909,
					"packets":	91,
					"omitted":	false,
					"sender":	true
				}, {
					"socket":	7,
					"start":	25.000123,
					"end":	26.000083,
					"seconds":	0.99996000528335571,
					"bytes":	131768,
					"bits_per_second":	1054186.1618768347,
					"packets":	91,
					"omitted":	false,
					"sender":	true
				}, {
					"socket":	10,
					"start":	25.000124,
					"end":	26.000084,
					"seconds":	0.99996000528335571,
					"bytes":	131768,
					"bits_per_second":	1054186.1618768347,
					"packets":	91,
					"omitted":	false,
					"sender":	true
				}, {
					"socket":	12,
					"start":	25.000125,
					"end":	26.000085,
					"seconds":	0.99996000528335571,
					"bytes":	131768,
					"bits_per_second":	1054186.1618768347,
					"packets":	91,
					"omitted":	false,
					"sender":	true
				}, {
					"socket":	14,
					"start":	25.000125,
					"end":	26.000085,
					"seconds":	0.99996000528335571,
					"bytes":	131768,
					"bits_per_second":	1054186.1618768347,
					"packets":	91,
					"omitted":	false,
					"sender":	true
				}],
			"sum":	{
				"start":	25.000079,
				"end":	26.00008,
				"seconds":	1.0000009536743164,
				"bytes":	658840,
				"bits_per_second":	5270714.9734545,
				"packets":	455,
				"omitted":	false,
				"sender":	true
			}
		}, {
			"streams":	[{
					"socket":	6,
					"start":	26.00008,
					"end":	27.00008,
					"seconds":	1,
					"bytes":	130320,
					"bits_per_second":	1042560,
					"packets":	90,
					"omitted":	false,
					"sender":	true
				}, {
					"socket":	7,
					"start":	26.000083,
					"end":	27.000101,
					"seconds":	1.0000180006027222,
					"bytes":	130320,
					"bits_per_second":	1042541.2336294319,
					"packets":	90,
					"omitted":	false,
					"sender":	true
				}, {
					"socket":	10,
					"start":	26.000084,
					"end":	27.000102,
					"seconds":	1.0000180006027222,
					"bytes":	130320,
					"bits_per_second":	1042541.2336294319,
					"packets":	90,
					"omitted":	false,
					"sender":	true
				}, {
					"socket":	12,
					"start":	26.000085,
					"end":	27.000102,
					"seconds":	1.0000170469284058,
					"bytes":	130320,
					"bits_per_second":	1042542.2278572817,
					"packets":	90,
					"omitted":	false,
					"sender":	true
				}, {
					"socket":	14,
					"start":	26.000085,
					"end":	27.000103,
					"seconds":	1.0000180006027222,
					"bytes":	130320,
					"bits_per_second":	1042541.2336294319,
					"packets":	90,
					"omitted":	false,
					"sender":	true
				}],
			"sum":	{
				"start":	26.00008,
				"end":	27.00008,
				"seconds":	1,
				"bytes":	651600,
				"bits_per_second":	5212800,
				"packets":	450,
				"omitted":	false,
				"sender":	true
			}
		}, {
			"streams":	[{
					"socket":	6,
					"start":	27.00008,
					"end":	28.000078,
					"seconds":	0.99999797344207764,
					"bytes":	131768,
					"bits_per_second":	1054146.1362882038,
					"packets":	91,
					"omitted":	false,
					"sender":	true
				}, {
					"socket":	7,
					"start":	27.000101,
					"end":	28.000081,
					"seconds":	0.99997997283935547,
					"bytes":	131768,
					"bits_per_second":	1054165.1119340425,
					"packets":	91,
					"omitted":	false,
					"sender":	true
				}, {
					"socket":	10,
					"start":	27.000102,
					"end":	28.000082,
					"seconds":	0.99997997283935547,
					"bytes":	131768,
					"bits_per_second":	1054165.1119340425,
					"packets":	91,
					"omitted":	false,
					"sender":	true
				}, {
					"socket":	12,
					"start":	27.000102,
					"end":	28.000082,
					"seconds":	0.99997997283935547,
					"bytes":	131768,
					"bits_per_second":	1054165.1119340425,
					"packets":	91,
					"omitted":	false,
					"sender":	true
				}, {
					"socket":	14,
					"start":	27.000103,
					"end":	28.000083,
					"seconds":	0.99997997283935547,
					"bytes":	131768,
					"bits_per_second":	1054165.1119340425,
					"packets":	91,
					"omitted":	false,
					"sender":	true
				}],
			"sum":	{
				"start":	27.00008,
				"end":	28.000078,
				"seconds":	0.99999797344207764,
				"bytes":	658840,
				"bits_per_second":	5270730.68144102,
				"packets":	455,
				"omitted":	false,
				"sender":	true
			}
		}, {
			"streams":	[{
					"socket":	6,
					"start":	28.000078,
					"end":	29.00008,
					"seconds":	1.0000020265579224,
					"bytes":	130320,
					"bits_per_second":	1042557.8871960542,
					"packets":	90,
					"omitted":	false,
					"sender":	true
				}, {
					"socket":	7,
					"start":	28.000081,
					"end":	29.000123,
					"seconds":	1.0000419616699219,
					"bytes":	130320,
					"bits_per_second":	1042516.2542770498,
					"packets":	90,
					"omitted":	false,
					"sender":	true
				}, {
					"socket":	10,
					"start":	28.000082,
					"end":	29.000124,
					"seconds":	1.0000419616699219,
					"bytes":	130320,
					"bits_per_second":	1042516.2542770498,
					"packets":	90,
					"omitted":	false,
					"sender":	true
				}, {
					"socket":	12,
					"start":	28.000082,
					"end":	29.000125,
					"seconds":	1.0000430345535278,
					"bytes":	130320,
					"bits_per_second":	1042515.1358265837,
					"packets":	90,
					"omitted":	false,
					"sender":	true
				}, {
					"socket":	14,
					"start":	28.000083,
					"end":	29.000125,
					"seconds":	1.0000419616699219,
					"bytes":	130320,
					"bits_per_second":	1042516.2542770498,
					"packets":	90,
					"omitted":	false,
					"sender":	true
				}],
			"sum":	{
				"start":	28.000078,
				"end":	29.00008,
				"seconds":	1.0000020265579224,
				"bytes":	651600,
				"bits_per_second":	5212789.43598027,
				"packets":	450,
				"omitted":	false,
				"sender":	true
			}
		}, {
			"streams":	[{
					"socket":	6,
					"start":	29.00008,
					"end":	30.00008,
					"seconds":	1,
					"bytes":	131768,
					"bits_per_second":	1054144,
					"packets":	91,
					"omitted":	false,
					"sender":	true
				}, {
					"socket":	7,
					"start":	29.000123,
					"end":	30.000083,
					"seconds":	0.99996000528335571,
					"bytes":	131768,
					"bits_per_second":	1054186.1618768347,
					"packets":	91,
					"omitted":	false,
					"sender":	true
				}, {
					"socket":	10,
					"start":	29.000124,
					"end":	30.000084,
					"seconds":	0.99996000528335571,
					"bytes":	131768,
					"bits_per_second":	1054186.1618768347,
					"packets":	91,
					"omitted":	false,
					"sender":	true
				}, {
					"socket":	12,
					"start":	29.000125,
					"end":	30.000084,
					"seconds":	0.99995899200439453,
					"bytes":	131768,
					"bits_per_second":	1054187.2301052995,
					"packets":	91,
					"omitted":	false,
					"sender":	true
				}, {
					"socket":	14,
					"start":	29.000125,
					"end":	30.000085,
					"seconds":	0.99996000528335571,
					"bytes":	131768,
					"bits_per_second":	1054186.1618768347,
					"packets":	91,
					"omitted":	false,
					"sender":	true
				}],
			"sum":	{
				"start":	29.00008,
				"end":	30.00008,
				"seconds":	1,
				"bytes":	658840,
				"bits_per_second":	5270720,
				"packets":	455,
				"omitted":	false,
				"sender":	true
			}
		}, {
			"streams":	[{
					"socket":	6,
					"start":	30.00008,
					"end":	31.000081,
					"seconds":	1.0000009536743164,
					"bytes":	131768,
					"bits_per_second":	1054142.9946909,
					"packets":	91,
					"omitted":	false,
					"sender":	true
				}, {
					"socket":	7,
					"start":	30.000083,
					"end":	31.000099,
					"seconds":	1.0000159740448,
					"bytes":	131768,
					"bits_per_second":	1054127.1613255,
					"packets":	91,
					"omitted":	false,
					"sender":	true
				}, {
					"socket":	10,
					"start":	30.000084,
					"end":	31.0001,
					"seconds":	1.0000159740448,
					"bytes":	131768,
					"bits_per_second":	1054127.1613255,
					"packets":	91,
					"omitted":	false,
					"sender":	true
				}, {
					"socket":	12,
					"start":	30.000084,
					"end":	31.0001,
					"seconds":	1.0000159740448,
					"bytes":	131768,
					"bits_per_second":	1054127.1613255,
					"packets":	91,
					"omitted":	false,
					"sender":	true
				}, {
					"socket":	14,
					"start":	30.000085,
					"end":	31.000101,
					"seconds":	1.0000159740448,
					"bytes":	131768,
					"bits_per_second":	1054127.1613255,
					"packets":	91,
					"omitted":	false,
					"sender":	true
				}],
			"sum":	{
				"start":	30.00008,
				"end":	31.000081,
				"seconds":	1.0000009536743164,
				"bytes":	658840,
				"bits_per_second":	5270714.9734545,
				"packets":	455,
				"omitted":	false,
				"sender":	true
			}
		}, {
			"streams":	[{
					"socket":	6,
					"start":	31.000081,
					"end":	32.000079,
					"seconds":	0.99999797344207764,
					"bytes":	130320,
					"bits_per_second":	1042562.1128125093,
					"packets":	90,
					"omitted":	false,
					"sender":	true
				}, {
					"socket":	7,
					"start":	31.000099,
					"end":	32.000082,
					"seconds":	0.999983012676239,
					"bytes":	130320,
					"bits_per_second":	1042577.710605116,
					"packets":	90,
					"omitted":	false,
					"sender":	true
				}, {
					"socket":	10,
					"start":	31.0001,
					"end":	32.000083,
					"seconds":	0.999983012676239,
					"bytes":	130320,
					"bits_per_second":	1042577.710605116,
					"packets":	90,
					"omitted":	false,
					"sender":	true
				}, {
					"socket":	12,
					"start":	31.0001,
					"end":	32.000083,
					"seconds":	0.999983012676239,
					"bytes":	130320,
					"bits_per_second":	1042577.710605116,
					"packets":	90,
					"omitted":	false,
					"sender":	true
				}, {
					"socket":	14,
					"start":	31.000101,
					"end":	32.000084,
					"seconds":	0.999983012676239,
					"bytes":	130320,
					"bits_per_second":	1042577.710605116,
					"packets":	90,
					"omitted":	false,
					"sender":	true
				}],
			"sum":	{
				"start":	31.000081,
				"end":	32.000079,
				"seconds":	0.99999797344207764,
				"bytes":	651600,
				"bits_per_second":	5212810.564062546,
				"packets":	450,
				"omitted":	false,
				"sender":	true
			}
		}, {
			"streams":	[{
					"socket":	6,
					"start":	32.000079,
					"end":	33.000079,
					"seconds":	1,
					"bytes":	131768,
					"bits_per_second":	1054144,
					"packets":	91,
					"omitted":	false,
					"sender":	true
				}, {
					"socket":	7,
					"start":	32.000082,
					"end":	33.000128,
					"seconds":	1.0000460147857666,
					"bytes":	131768,
					"bits_per_second":	1054095.496021573,
					"packets":	91,
					"omitted":	false,
					"sender":	true
				}, {
					"socket":	10,
					"start":	32.000083,
					"end":	33.000128,
					"seconds":	1.0000449419021606,
					"bytes":	131768,
					"bits_per_second":	1054096.6268925264,
					"packets":	91,
					"omitted":	false,
					"sender":	true
				}, {
					"socket":	12,
					"start":	32.000083,
					"end":	33.000129,
					"seconds":	1.0000460147857666,
					"bytes":	131768,
					"bits_per_second":	1054095.496021573,
					"packets":	91,
					"omitted":	false,
					"sender":	true
				}, {
					"socket":	14,
					"start":	32.000084,
					"end":	33.000129,
					"seconds":	1.0000449419021606,
					"bytes":	131768,
					"bits_per_second":	1054096.6268925264,
					"packets":	91,
					"omitted":	false,
					"sender":	true
				}],
			"sum":	{
				"start":	32.000079,
				"end":	33.000079,
				"seconds":	1,
				"bytes":	658840,
				"bits_per_second":	5270720,
				"packets":	455,
				"omitted":	false,
				"sender":	true
			}
		}, {
			"streams":	[{
					"socket":	6,
					"start":	33.000079,
					"end":	34.000082,
					"seconds":	1.0000029802322388,
					"bytes":	130320,
					"bits_per_second":	1042556.8929383369,
					"packets":	90,
					"omitted":	false,
					"sender":	true
				}, {
					"socket":	7,
					"start":	33.000128,
					"end":	34.000086,
					"seconds":	0.99995797872543335,
					"bytes":	130320,
					"bits_per_second":	1042603.811541029,
					"packets":	90,
					"omitted":	false,
					"sender":	true
				}, {
					"socket":	10,
					"start":	33.000128,
					"end":	34.000086,
					"seconds":	0.99995797872543335,
					"bytes":	130320,
					"bits_per_second":	1042603.811541029,
					"packets":	90,
					"omitted":	false,
					"sender":	true
				}, {
					"socket":	12,
					"start":	33.000129,
					"end":	34.000087,
					"seconds":	0.99995797872543335,
					"bytes":	130320,
					"bits_per_second":	1042603.811541029,
					"packets":	90,
					"omitted":	false,
					"sender":	true
				}, {
					"socket":	14,
					"start":	33.000129,
					"end":	34.000088,
					"seconds":	0.99995899200439453,
					"bytes":	130320,
					"bits_per_second":	1042602.7550491974,
					"packets":	90,
					"omitted":	false,
					"sender":	true
				}],
			"sum":	{
				"start":	33.000079,
				"end":	34.000082,
				"seconds":	1.0000029802322388,
				"bytes":	651600,
				"bits_per_second":	5212784.4646916846,
				"packets":	450,
				"omitted":	false,
				"sender":	true
			}
		}, {
			"streams":	[{
					"socket":	6,
					"start":	34.000082,
					"end":	35.00009,
					"seconds":	1.0000079870224,
					"bytes":	131768,
					"bits_per_second":	1054135.5805955052,
					"packets":	91,
					"omitted":	false,
					"sender":	true
				}, {
					"socket":	7,
					"start":	34.000086,
					"end":	35.000119,
					"seconds":	1.0000330209732056,
					"bytes":	131768,
					"bits_per_second":	1054109.1922886057,
					"packets":	91,
					"omitted":	false,
					"sender":	true
				}, {
					"socket":	10,
					"start":	34.000086,
					"end":	35.00012,
					"seconds":	1.000033974647522,
					"bytes":	131768,
					"bits_per_second":	1054108.187045895,
					"packets":	91,
					"omitted":	false,
					"sender":	true
				}, {
					"socket":	12,
					"start":	34.000087,
					"end":	35.000121,
					"seconds":	1.000033974647522,
					"bytes":	131768,
					"bits_per_second":	1054108.187045895,
					"packets":	91,
					"omitted":	false,
					"sender":	true
				}, {
					"socket":	14,
					"start":	34.000088,
					"end":	35.000122,
					"seconds":	1.000033974647522,
					"bytes":	131768,
					"bits_per_second":	1054108.187045895,
					"packets":	91,
					"omitted":	false,
					"sender":	true
				}],
			"sum":	{
				"start":	34.000082,
				"end":	35.00009,
				"seconds":	1.0000079870224,
				"bytes":	658840,
				"bits_per_second":	5270677.9029775262,
				"packets":	455,
				"omitted":	false,
				"sender":	true
			}
		}, {
			"streams":	[{
					"socket":	6,
					"start":	35.00009,
					"end":	36.000084,
					"seconds":	0.99999397993087769,
					"bytes":	130320,
					"bits_per_second":	1042566.276321048,
					"packets":	90,
					"omitted":	false,
					"sender":	true
				}, {
					"socket":	7,
					"start":	35.000119,
					"end":	36.000088,
					"seconds":	0.9999690055847168,
					"bytes":	130320,
					"bits_per_second":	1042592.3145391679,
					"packets":	90,
					"omitted":	false,
					"sender":	true
				}, {
					"socket":	10,
					"start":	35.00012,
					"end":	36.000088,
					"seconds":	0.99996799230575562,
					"bytes":	130320,
					"bits_per_second":	1042593.3710098405,
					"packets":	90,
					"omitted":	false,
					"sender":	true
				}, {
					"socket":	12,
					"start":	35.000121,
					"end":	36.000089,
					"seconds":	0.99996799230575562,
					"bytes":	130320,
					"bits_per_second":	1042593.3710098405,
					"packets":	90,
					"omitted":	false,
					"sender":	true
				}, {
					"socket":	14,
					"start":	35.000122,
					"end":	36.00009,
					"seconds":	0.99996799230575562,
					"bytes":	130320,
					"bits_per_second":	1042593.3710098405,
					"packets":	90,
					"omitted":	false,
					"sender":	true
				}],
			"sum":	{
				"start":	35.00009,
				"end":	36.000084,
				"seconds":	0.99999397993087769,
				"bytes":	651600,
				"bits_per_second":	5212831.38160524,
				"packets":	450,
				"omitted":	false,
				"sender":	true
			}
		}, {
			"streams":	[{
					"socket":	6,
					"start":	36.000084,
					"end":	37.00008,
					"seconds":	0.9999960064888,
					"bytes":	131768,
					"bits_per_second":	1054148.2097526821,
					"packets":	91,
					"omitted":	false,
					"sender":	true
				}, {
					"socket":	7,
					"start":	36.000088,
					"end":	37.000125,
					"seconds":	1.0000369548797607,
					"bytes":	131768,
					"bits_per_second":	1054105.0456747818,
					"packets":	91,
					"omitted":	false,
					"sender":	true
				}, {
					"socket":	10,
					"start":	36.000088,
					"end":	37.000126,
					"seconds":	1.0000380277633667,
					"bytes":	131768,
					"bits_per_second":	1054103.9147857646,
					"packets":	91,
					"omitted":	false,
					"sender":	true
				}, {
					"socket":	12,
					"start":	36.000089,
					"end":	37.000127,
					"seconds":	1.0000380277633667,
					"bytes":	131768,
					"bits_per_second":	1054103.9147857646,
					"packets":	91,
					"omitted":	false,
					"sender":	true
				}, {
					"socket":	14,
					"start":	36.00009,
					"end":	37.000127,
					"seconds":	1.0000369548797607,
					"bytes":	131768,
					"bits_per_second":	1054105.0456747818,
					"packets":	91,
					"omitted":	false,
					"sender":	true
				}],
			"sum":	{
				"start":	36.000084,
				"end":	37.00008,
				"seconds":	0.9999960064888,
				"bytes":	658840,
				"bits_per_second":	5270741.04876341,
				"packets":	455,
				"omitted":	false,
				"sender":	true
			}
		}, {
			"streams":	[{
					"socket":	6,
					"start":	37.00008,
					"end":	38.000081,
					"seconds":	1.0000009536743164,
					"bytes":	130320,
					"bits_per_second":	1042559.0057382529,
					"packets":	90,
					"omitted":	false,
					"sender":	true
				}, {
					"socket":	7,
					"start":	37.000125,
					"end":	38.000084,
					"seconds":	0.99995899200439453,
					"bytes":	130320,
					"bits_per_second":	1042602.7550491974,
					"packets":	90,
					"omitted":	false,
					"sender":	true
				}, {
					"socket":	10,
					"start":	37.000126,
					"end":	38.000085,
					"seconds":	0.99995899200439453,
					"bytes":	130320,
					"bits_per_second":	1042602.7550491974,
					"packets":	90,
					"omitted":	false,
					"sender":	true
				}, {
					"socket":	12,
					"start":	37.000127,
					"end":	38.000085,
					"seconds":	0.99995797872543335,
					"bytes":	130320,
					"bits_per_second":	1042603.811541029,
					"packets":	90,
					"omitted":	false,
					"sender":	true
				}, {
					"socket":	14,
					"start":	37.000127,
					"end":	38.000086,
					"seconds":	0.99995899200439453,
					"bytes":	130320,
					"bits_per_second":	1042602.7550491974,
					"packets":	90,
					"omitted":	false,
					"sender":	true
				}],
			"sum":	{
				"start":	37.00008,
				"end":	38.000081,
				"seconds":	1.0000009536743164,
				"bytes":	651600,
				"bits_per_second":	5212795.0286912648,
				"packets":	450,
				"omitted":	false,
				"sender":	true
			}
		}, {
			"streams":	[{
					"socket":	6,
					"start":	38.000081,
					"end":	39.00008,
					"seconds":	0.99999898672103882,
					"bytes":	131768,
					"bits_per_second":	1054145.06814302,
					"packets":	91,
					"omitted":	false,
					"sender":	true
				}, {
					"socket":	7,
					"start":	38.000084,
					"end":	39.000102,
					"seconds":	1.0000180006027222,
					"bytes":	131768,
					"bits_per_second":	1054125.0251142033,
					"packets":	91,
					"omitted":	false,
					"sender":	true
				}, {
					"socket":	10,
					"start":	38.000085,
					"end":	39.000103,
					"seconds":	1.0000180006027222,
					"bytes":	131768,
					"bits_per_second":	1054125.0251142033,
					"packets":	91,
					"omitted":	false,
					"sender":	true
				}, {
					"socket":	12,
					"start":	38.000085,
					"end":	39.000103,
					"seconds":	1.0000180006027222,
					"bytes":	131768,
					"bits_per_second":	1054125.0251142033,
					"packets":	91,
					"omitted":	false,
					"sender":	true
				}, {
					"socket":	14,
					"start":	38.000086,
					"end":	39.000104,
					"seconds":	1.0000180006027222,
					"bytes":	131768,
					"bits_per_second":	1054125.0251142033,
					"packets":	91,
					"omitted":	false,
					"sender":	true
				}],
			"sum":	{
				"start":	38.000081,
				"end":	39.00008,
				"seconds":	0.99999898672103882,
				"bytes":	658840,
				"bits_per_second":	5270725.3407150982,
				"packets":	455,
				"omitted":	false,
				"sender":	true
			}
		}, {
			"streams":	[{
					"socket":	6,
					"start":	39.00008,
					"end":	40.000081,
					"seconds":	1.0000009536743164,
					"bytes":	130320,
					"bits_per_second":	1042559.0057382529,
					"packets":	90,
					"omitted":	false,
					"sender":	true
				}, {
					"socket":	7,
					"start":	39.000102,
					"end":	40.000085,
					"seconds":	0.999983012676239,
					"bytes":	130320,
					"bits_per_second":	1042577.710605116,
					"packets":	90,
					"omitted":	false,
					"sender":	true
				}, {
					"socket":	10,
					"start":	39.000103,
					"end":	40.000085,
					"seconds":	0.99998199939727783,
					"bytes":	130320,
					"bits_per_second":	1042578.7670461922,
					"packets":	90,
					"omitted":	false,
					"sender":	true
				}, {
					"socket":	12,
					"start":	39.000103,
					"end":	40.000086,
					"seconds":	0.999983012676239,
					"bytes":	130320,
					"bits_per_second":	1042577.710605116,
					"packets":	90,
					"omitted":	false,
					"sender":	true
				}, {
					"socket":	14,
					"start":	39.000104,
					"end":	40.000087,
					"seconds":	0.999983012676239,
					"bytes":	130320,
					"bits_per_second":	1042577.710605116,
					"packets":	90,
					"omitted":	false,
					"sender":	true
				}],
			"sum":	{
				"start":	39.00008,
				"end":	40.000081,
				"seconds":	1.0000009536743164,
				"bytes":	651600,
				"bits_per_second":	5212795.0286912648,
				"packets":	450,
				"omitted":	false,
				"sender":	true
			}
		}, {
			"streams":	[{
					"socket":	6,
					"start":	40.000081,
					"end":	41.000054,
					"seconds":	0.99997299909591675,
					"bytes":	131768,
					"bits_per_second":	1054172.4636095772,
					"packets":	91,
					"omitted":	false,
					"sender":	true
				}, {
					"socket":	7,
					"start":	40.000085,
					"end":	41.000108,
					"seconds":	1.0000230073928833,
					"bytes":	131768,
					"bits_per_second":	1054119.7474528244,
					"packets":	91,
					"omitted":	false,
					"sender":	true
				}, {
					"socket":	10,
					"start":	40.000085,
					"end":	41.000109,
					"seconds":	1.0000239610672,
					"bytes":	131768,
					"bits_per_second":	1054118.742189982,
					"packets":	91,
					"omitted":	false,
					"sender":	true
				}, {
					"socket":	12,
					"start":	40.000086,
					"end":	41.000109,
					"seconds":	1.0000230073928833,
					"bytes":	131768,
					"bits_per_second":	1054119.7474528244,
					"packets":	91,
					"omitted":	false,
					"sender":	true
				}, {
					"socket":	14,
					"start":	40.000087,
					"end":	41.00011,
					"seconds":	1.0000230073928833,
					"bytes":	131768,
					"bits_per_second":	1054119.7474528244,
					"packets":	91,
					"omitted":	false,
					"sender":	true
				}],
			"sum":	{
				"start":	40.000081,
				"end":	41.000054,
				"seconds":	0.99997299909591675,
				"bytes":	658840,
				"bits_per_second":	5270862.3180478858,
				"packets":	455,
				"omitted":	false,
				"sender":	true
			}
		}, {
			"streams":	[{
					"socket":	6,
					"start":	41.000054,
					"end":	42.00008,
					"seconds":	1.0000259876251221,
					"bytes":	130320,
					"bits_per_second":	1042532.9070456342,
					"packets":	90,
					"omitted":	false,
					"sender":	true
				}, {
					"socket":	7,
					"start":	41.000108,
					"end":	42.000083,
					"seconds":	0.999975025653839,
					"bytes":	130320,
					"bits_per_second":	1042586.0379046132,
					"packets":	90,
					"omitted":	false,
					"sender":	true
				}, {
					"socket":	10,
					"start":	41.000109,
					"end":	42.000083,
					"seconds":	0.999974012374878,
					"bytes":	130320,
					"bits_per_second":	1042587.0943625654,
					"packets":	90,
					"omitted":	false,
					"sender":	true
				}, {
					"socket":	12,
					"start":	41.000109,
					"end":	42.000084,
					"seconds":	0.999975025653839,
					"bytes":	130320,
					"bits_per_second":	1042586.0379046132,
					"packets":	90,
					"omitted":	false,
					"sender":	true
				}, {
					"socket":	14,
					"start":	41.00011,
					"end":	42.000084,
					"seconds":	0.999974012374878,
					"bytes":	130320,
					"bits_per_second":	1042587.0943625654,
					"packets":	90,
					"omitted":	false,
					"sender":	true
				}],
			"sum":	{
				"start":	41.000054,
				"end":	42.00008,
				"seconds":	1.0000259876251221,
				"bytes":	651600,
				"bits_per_second":	5212664.53522817,
				"packets":	450,
				"omitted":	false,
				"sender":	true
			}
		}, {
			"streams":	[{
					"socket":	6,
					"start":	42.00008,
					"end":	43.00008,
					"seconds":	1,
					"bytes":	131768,
					"bits_per_second":	1054144,
					"packets":	91,
					"omitted":	false,
					"sender":	true
				}, {
					"socket":	7,
					"start":	42.000083,
					"end":	43.0001,
					"seconds":	1.0000170469284058,
					"bytes":	131768,
					"bits_per_second":	1054126.0303890293,
					"packets":	91,
					"omitted":	false,
					"sender":	true
				}, {
					"socket":	10,
					"start":	42.000083,
					"end":	43.000101,
					"seconds":	1.0000180006027222,
					"bytes":	131768,
					"bits_per_second":	1054125.0251142033,
					"packets":	91,
					"omitted":	false,
					"sender":	true
				}, {
					"socket":	12,
					"start":	42.000084,
					"end":	43.000101,
					"seconds":	1.0000170469284058,
					"bytes":	131768,
					"bits_per_second":	1054126.0303890293,
					"packets":	91,
					"omitted":	false,
					"sender":	true
				}, {
					"socket":	14,
					"start":	42.000084,
					"end":	43.000102,
					"seconds":	1.0000180006027222,
					"bytes":	131768,
					"bits_per_second":	1054125.0251142033,
					"packets":	91,
					"omitted":	false,
					"sender":	true
				}],
			"sum":	{
				"start":	42.00008,
				"end":	43.00008,
				"seconds":	1,
				"bytes":	658840,
				"bits_per_second":	5270720,
				"packets":	455,
				"omitted":	false,
				"sender":	true
			}
		}, {
			"streams":	[{
					"socket":	6,
					"start":	43.00008,
					"end":	44.00008,
					"seconds":	1,
					"bytes":	130320,
					"bits_per_second":	1042560,
					"packets":	90,
					"omitted":	false,
					"sender":	true
				}, {
					"socket":	7,
					"start":	43.0001,
					"end":	44.000083,
					"seconds":	0.999983012676239,
					"bytes":	130320,
					"bits_per_second":	1042577.710605116,
					"packets":	90,
					"omitted":	false,
					"sender":	true
				}, {
					"socket":	10,
					"start":	43.000101,
					"end":	44.000084,
					"seconds":	0.999983012676239,
					"bytes":	130320,
					"bits_per_second":	1042577.710605116,
					"packets":	90,
					"omitted":	false,
					"sender":	true
				}, {
					"socket":	12,
					"start":	43.000101,
					"end":	44.000084,
					"seconds":	0.999983012676239,
					"bytes":	130320,
					"bits_per_second":	1042577.710605116,
					"packets":	90,
					"omitted":	false,
					"sender":	true
				}, {
					"socket":	14,
					"start":	43.000102,
					"end":	44.000084,
					"seconds":	0.99998199939727783,
					"bytes":	130320,
					"bits_per_second":	1042578.7670461922,
					"packets":	90,
					"omitted":	false,
					"sender":	true
				}],
			"sum":	{
				"start":	43.00008,
				"end":	44.00008,
				"seconds":	1,
				"bytes":	651600,
				"bits_per_second":	5212800,
				"packets":	450,
				"omitted":	false,
				"sender":	true
			}
		}, {
			"streams":	[{
					"socket":	6,
					"start":	44.00008,
					"end":	45.000083,
					"seconds":	1.0000029802322388,
					"bytes":	131768,
					"bits_per_second":	1054140.8584154295,
					"packets":	91,
					"omitted":	false,
					"sender":	true
				}, {
					"socket":	7,
					"start":	44.000083,
					"end":	45.000136,
					"seconds":	1.00005304813385,
					"bytes":	131768,
					"bits_per_second":	1054088.0825943048,
					"packets":	91,
					"omitted":	false,
					"sender":	true
				}, {
					"socket":	10,
					"start":	44.000084,
					"end":	45.000137,
					"seconds":	1.00005304813385,
					"bytes":	131768,
					"bits_per_second":	1054088.0825943048,
					"packets":	91,
					"omitted":	false,
					"sender":	true
				}, {
					"socket":	12,
					"start":	44.000084,
					"end":	45.000138,
					"seconds":	1.0000540018081665,
					"bytes":	131768,
					"bits_per_second":	1054087.0773918559,
					"packets":	91,
					"omitted":	false,
					"sender":	true
				}, {
					"socket":	14,
					"start":	44.000084,
					"end":	45.000138,
					"seconds":	1.0000540018081665,
					"bytes":	131768,
					"bits_per_second":	1054087.0773918559,
					"packets":	91,
					"omitted":	false,
					"sender":	true
				}],
			"sum":	{
				"start":	44.00008,
				"end":	45.000083,
				"seconds":	1.0000029802322388,
				"bytes":	658840,
				"bits_per_second":	5270704.2920771474,
				"packets":	455,
				"omitted":	false,
				"sender":	true
			}
		}, {
			"streams":	[{
					"socket":	6,
					"start":	45.000083,
					"end":	46.000079,
					"seconds":	0.9999960064888,
					"bytes":	130320,
					"bits_per_second":	1042564.1634916635,
					"packets":	90,
					"omitted":	false,
					"sender":	true
				}, {
					"socket":	7,
					"start":	45.000136,
					"end":	46.000082,
					"seconds":	0.9999459981918335,
					"bytes":	130320,
					"bits_per_second":	1042616.3031655948,
					"packets":	90,
					"omitted":	false,
					"sender":	true
				}, {
					"socket":	10,
					"start":	45.000137,
					"end":	46.000082,
					"seconds":	0.99994498491287231,
					"bytes":	130320,
					"bits_per_second":	1042617.3596848838,
					"packets":	90,
					"omitted":	false,
					"sender":	true
				}, {
					"socket":	12,
					"start":	45.000138,
					"end":	46.000083,
					"seconds":	0.99994498491287231,
					"bytes":	130320,
					"bits_per_second":	1042617.3596848838,
					"packets":	90,
					"omitted":	false,
					"sender":	true
				}, {
					"socket":	14,
					"start":	45.000138,
					"end":	46.000083,
					"seconds":	0.99994498491287231,
					"bytes":	130320,
					"bits_per_second":	1042617.3596848838,
					"packets":	90,
					"omitted":	false,
					"sender":	true
				}],
			"sum":	{
				"start":	45.000083,
				"end":	46.000079,
				"seconds":	0.9999960064888,
				"bytes":	651600,
				"bits_per_second":	5212820.8174583176,
				"packets":	450,
				"omitted":	false,
				"sender":	true
			}
		}, {
			"streams":	[{
					"socket":	6,
					"start":	46.000079,
					"end":	47.000079,
					"seconds":	1,
					"bytes":	131768,
					"bits_per_second":	1054144,
					"packets":	91,
					"omitted":	false,
					"sender":	true
				}, {
					"socket":	7,
					"start":	46.000082,
					"end":	47.000101,
					"seconds":	1.0000189542770386,
					"bytes":	131768,
					"bits_per_second":	1054124.019841295,
					"packets":	91,
					"omitted":	false,
					"sender":	true
				}, {
					"socket":	10,
					"start":	46.000082,
					"end":	47.000102,
					"seconds":	1.0000200271606445,
					"bytes":	131768,
					"bits_per_second":	1054122.8889115646,
					"packets":	91,
					"omitted":	false,
					"sender":	true
				}, {
					"socket":	12,
					"start":	46.000083,
					"end":	47.000102,
					"seconds":	1.0000189542770386,
					"bytes":	131768,
					"bits_per_second":	1054124.019841295,
					"packets":	91,
					"omitted":	false,
					"sender":	true
				}, {
					"socket":	14,
					"start":	46.000083,
					"end":	47.000103,
					"seconds":	1.0000200271606445,
					"bytes":	131768,
					"bits_per_second":	1054122.8889115646,
					"packets":	91,
					"omitted":	false,
					"sender":	true
				}],
			"sum":	{
				"start":	46.000079,
				"end":	47.000079,
				"seconds":	1,
				"bytes":	658840,
				"bits_per_second":	5270720,
				"packets":	455,
				"omitted":	false,
				"sender":	true
			}
		}, {
			"streams":	[{
					"socket":	6,
					"start":	47.000079,
					"end":	48.000079,
					"seconds":	1,
					"bytes":	130320,
					"bits_per_second":	1042560,
					"packets":	90,
					"omitted":	false,
					"sender":	true
				}, {
					"socket":	7,
					"start":	47.000101,
					"end":	48.000082,
					"seconds":	0.99998098611831665,
					"bytes":	130320,
					"bits_per_second":	1042579.8234894093,
					"packets":	90,
					"omitted":	false,
					"sender":	true
				}, {
					"socket":	10,
					"start":	47.000102,
					"end":	48.000083,
					"seconds":	0.99998098611831665,
					"bytes":	130320,
					"bits_per_second":	1042579.8234894093,
					"packets":	90,
					"omitted":	false,
					"sender":	true
				}, {
					"socket":	12,
					"start":	47.000102,
					"end":	48.000083,
					"seconds":	0.99998098611831665,
					"bytes":	130320,
					"bits_per_second":	1042579.8234894093,
					"packets":	90,
					"omitted":	false,
					"sender":	true
				}, {
					"socket":	14,
					"start":	47.000103,
					"end":	48.000084,
					"seconds":	0.99998098611831665,
					"bytes":	130320,
					"bits_per_second":	1042579.8234894093,
					"packets":	90,
					"omitted":	false,
					"sender":	true
				}],
			"sum":	{
				"start":	47.000079,
				"end":	48.000079,
				"seconds":	1,
				"bytes":	651600,
				"bits_per_second":	5212800,
				"packets":	450,
				"omitted":	false,
				"sender":	true
			}
		}, {
			"streams":	[{
					"socket":	6,
					"start":	48.000079,
					"end":	49.000079,
					"seconds":	1,
					"bytes":	131768,
					"bits_per_second":	1054144,
					"packets":	91,
					"omitted":	false,
					"sender":	true
				}, {
					"socket":	7,
					"start":	48.000082,
					"end":	49.000122,
					"seconds":	1.0000400543212891,
					"bytes":	131768,
					"bits_per_second":	1054101.7786686858,
					"packets":	91,
					"omitted":	false,
					"sender":	true
				}, {
					"socket":	10,
					"start":	48.000083,
					"end":	49.000123,
					"seconds":	1.0000400543212891,
					"bytes":	131768,
					"bits_per_second":	1054101.7786686858,
					"packets":	91,
					"omitted":	false,
					"sender":	true
				}, {
					"socket":	12,
					"start":	48.000083,
					"end":	49.000123,
					"seconds":	1.0000400543212891,
					"bytes":	131768,
					"bits_per_second":	1054101.7786686858,
					"packets":	91,
					"omitted":	false,
					"sender":	true
				}, {
					"socket":	14,
					"start":	48.000084,
					"end":	49.000124,
					"seconds":	1.0000400543212891,
					"bytes":	131768,
					"bits_per_second":	1054101.7786686858,
					"packets":	91,
					"omitted":	false,
					"sender":	true
				}],
			"sum":	{
				"start":	48.000079,
				"end":	49.000079,
				"seconds":	1,
				"bytes":	658840,
				"bits_per_second":	5270720,
				"packets":	455,
				"omitted":	false,
				"sender":	true
			}
		}, {
			"streams":	[{
					"socket":	6,
					"start":	49.000079,
					"end":	50.00008,
					"seconds":	1.0000009536743164,
					"bytes":	130320,
					"bits_per_second":	1042559.0057382529,
					"packets":	90,
					"omitted":	false,
					"sender":	true
				}, {
					"socket":	7,
					"start":	49.000122,
					"end":	50.000083,
					"seconds":	0.999961018562317,
					"bytes":	130320,
					"bits_per_second":	1042600.6420719574,
					"packets":	90,
					"omitted":	false,
					"sender":	true
				}, {
					"socket":	10,
					"start":	49.000123,
					"end":	50.000084,
					"seconds":	0.999961018562317,
					"bytes":	130320,
					"bits_per_second":	1042600.6420719574,
					"packets":	90,
					"omitted":	false,
					"sender":	true
				}, {
					"socket":	12,
					"start":	49.000123,
					"end":	50.000084,
					"seconds":	0.999961018562317,
					"bytes":	130320,
					"bits_per_second":	1042600.6420719574,
					"packets":	90,
					"omitted":	false,
					"sender":	true
				}, {
					"socket":	14,
					"start":	49.000124,
					"end":	50.000085,
					"seconds":	0.999961018562317,
					"bytes":	130320,
					"bits_per_second":	1042600.6420719574,
					"packets":	90,
					"omitted":	false,
					"sender":	true
				}],
			"sum":	{
				"start":	49.000079,
				"end":	50.00008,
				"seconds":	1.0000009536743164,
				"bytes":	651600,
				"bits_per_second":	5212795.0286912648,
				"packets":	450,
				"omitted":	false,
				"sender":	true
			}
		}, {
			"streams":	[{
					"socket":	6,
					"start":	50.00008,
					"end":	51.00008,
					"seconds":	1,
					"bytes":	131768,
					"bits_per_second":	1054144,
					"packets":	91,
					"omitted":	false,
					"sender":	true
				}, {
					"socket":	7,
					"start":	50.000083,
					"end":	51.000099,
					"seconds":	1.0000159740448,
					"bytes":	131768,
					"bits_per_second":	1054127.1613255,
					"packets":	91,
					"omitted":	false,
					"sender":	true
				}, {
					"socket":	10,
					"start":	50.000084,
					"end":	51.0001,
					"seconds":	1.0000159740448,
					"bytes":	131768,
					"bits_per_second":	1054127.1613255,
					"packets":	91,
					"omitted":	false,
					"sender":	true
				}, {
					"socket":	12,
					"start":	50.000084,
					"end":	51.000101,
					"seconds":	1.0000170469284058,
					"bytes":	131768,
					"bits_per_second":	1054126.0303890293,
					"packets":	91,
					"omitted":	false,
					"sender":	true
				}, {
					"socket":	14,
					"start":	50.000085,
					"end":	51.000101,
					"seconds":	1.0000159740448,
					"bytes":	131768,
					"bits_per_second":	1054127.1613255,
					"packets":	91,
					"omitted":	false,
					"sender":	true
				}],
			"sum":	{
				"start":	50.00008,
				"end":	51.00008,
				"seconds":	1,
				"bytes":	658840,
				"bits_per_second":	5270720,
				"packets":	455,
				"omitted":	false,
				"sender":	true
			}
		}, {
			"streams":	[{
					"socket":	6,
					"start":	51.00008,
					"end":	52.00008,
					"seconds":	1,
					"bytes":	130320,
					"bits_per_second":	1042560,
					"packets":	90,
					"omitted":	false,
					"sender":	true
				}, {
					"socket":	7,
					"start":	51.000099,
					"end":	52.000083,
					"seconds":	0.9999840259552002,
					"bytes":	130320,
					"bits_per_second":	1042576.6541661809,
					"packets":	90,
					"omitted":	false,
					"sender":	true
				}, {
					"socket":	10,
					"start":	51.0001,
					"end":	52.000083,
					"seconds":	0.999983012676239,
					"bytes":	130320,
					"bits_per_second":	1042577.710605116,
					"packets":	90,
					"omitted":	false,
					"sender":	true
				}, {
					"socket":	12,
					"start":	51.000101,
					"end":	52.000084,
					"seconds":	0.999983012676239,
					"bytes":	130320,
					"bits_per_second":	1042577.710605116,
					"packets":	90,
					"omitted":	false,
					"sender":	true
				}, {
					"socket":	14,
					"start":	51.000101,
					"end":	52.000084,
					"seconds":	0.999983012676239,
					"bytes":	130320,
					"bits_per_second":	1042577.710605116,
					"packets":	90,
					"omitted":	false,
					"sender":	true
				}],
			"sum":	{
				"start":	51.00008,
				"end":	52.00008,
				"seconds":	1,
				"bytes":	651600,
				"bits_per_second":	5212800,
				"packets":	450,
				"omitted":	false,
				"sender":	true
			}
		}, {
			"streams":	[{
					"socket":	6,
					"start":	52.00008,
					"end":	53.000078,
					"seconds":	0.99999797344207764,
					"bytes":	131768,
					"bits_per_second":	1054146.1362882038,
					"packets":	91,
					"omitted":	false,
					"sender":	true
				}, {
					"socket":	7,
					"start":	52.000083,
					"end":	53.000117,
					"seconds":	1.000033974647522,
					"bytes":	131768,
					"bits_per_second":	1054108.187045895,
					"packets":	91,
					"omitted":	false,
					"sender":	true
				}, {
					"socket":	10,
					"start":	52.000083,
					"end":	53.000118,
					"seconds":	1.0000350475311279,
					"bytes":	131768,
					"bits_per_second":	1054107.0561501374,
					"packets":	91,
					"omitted":	false,
					"sender":	true
				}, {
					"socket":	12,
					"start":	52.000084,
					"end":	53.000118,
					"seconds":	1.000033974647522,
					"bytes":	131768,
					"bits_per_second":	1054108.187045895,
					"packets":	91,
					"omitted":	false,
					"sender":	true
				}, {
					"socket":	14,
					"start":	52.000084,
					"end":	53.000119,
					"seconds":	1.0000350475311279,
					"bytes":	131768,
					"bits_per_second":	1054107.0561501374,
					"packets":	91,
					"omitted":	false,
					"sender":	true
				}],
			"sum":	{
				"start":	52.00008,
				"end":	53.000078,
				"seconds":	0.99999797344207764,
				"bytes":	658840,
				"bits_per_second":	5270730.68144102,
				"packets":	455,
				"omitted":	false,
				"sender":	true
			}
		}, {
			"streams":	[{
					"socket":	6,
					"start":	53.000078,
					"end":	54.000081,
					"seconds":	1.0000029802322388,
					"bytes":	130320,
					"bits_per_second":	1042556.8929383369,
					"packets":	90,
					"omitted":	false,
					"sender":	true
				}, {
					"socket":	7,
					"start":	53.000117,
					"end":	54.000084,
					"seconds":	0.99996697902679443,
					"bytes":	130320,
					"bits_per_second":	1042594.4274826542,
					"packets":	90,
					"omitted":	false,
					"sender":	true
				}, {
					"socket":	10,
					"start":	53.000118,
					"end":	54.000084,
					"seconds":	0.999966025352478,
					"bytes":	130320,
					"bits_per_second":	1042595.4218119641,
					"packets":	90,
					"omitted":	false,
					"sender":	true
				}, {
					"socket":	12,
					"start":	53.000118,
					"end":	54.000085,
					"seconds":	0.99996697902679443,
					"bytes":	130320,
					"bits_per_second":	1042594.4274826542,
					"packets":	90,
					"omitted":	false,
					"sender":	true
				}, {
					"socket":	14,
					"start":	53.000119,
					"end":	54.000085,
					"seconds":	0.999966025352478,
					"bytes":	130320,
					"bits_per_second":	1042595.4218119641,
					"packets":	90,
					"omitted":	false,
					"sender":	true
				}],
			"sum":	{
				"start":	53.000078,
				"end":	54.000081,
				"seconds":	1.0000029802322388,
				"bytes":	651600,
				"bits_per_second":	5212784.4646916846,
				"packets":	450,
				"omitted":	false,
				"sender":	true
			}
		}, {
			"streams":	[{
					"socket":	6,
					"start":	54.000081,
					"end":	55.000081,
					"seconds":	1,
					"bytes":	131768,
					"bits_per_second":	1054144,
					"packets":	91,
					"omitted":	false,
					"sender":	true
				}, {
					"socket":	7,
					"start":	54.000084,
					"end":	55.000108,
					"seconds":	1.0000239610672,
					"bytes":	131768,
					"bits_per_second":	1054118.742189982,
					"packets":	91,
					"omitted":	false,
					"sender":	true
				}, {
					"socket":	10,
					"start":	54.000084,
					"end":	55.000109,
					"seconds":	1.0000250339508057,
					"bytes":	131768,
					"bits_per_second":	1054117.611271576,
					"packets":	91,
					"omitted":	false,
					"sender":	true
				}, {
					"socket":	12,
					"start":	54.000085,
					"end":	55.00011,
					"seconds":	1.0000250339508057,
					"bytes":	131768,
					"bits_per_second":	1054117.611271576,
					"packets":	91,
					"omitted":	false,
					"sender":	true
				}, {
					"socket":	14,
					"start":	54.000085,
					"end":	55.00011,
					"seconds":	1.0000250339508057,
					"bytes":	131768,
					"bits_per_second":	1054117.611271576,
					"packets":	91,
					"omitted":	false,
					"sender":	true
				}],
			"sum":	{
				"start":	54.000081,
				"end":	55.000081,
				"seconds":	1,
				"bytes":	658840,
				"bits_per_second":	5270720,
				"packets":	455,
				"omitted":	false,
				"sender":	true
			}
		}, {
			"streams":	[{
					"socket":	6,
					"start":	55.000081,
					"end":	56.000078,
					"seconds":	0.99999701976776123,
					"bytes":	130320,
					"bits_per_second":	1042563.1070801826,
					"packets":	90,
					"omitted":	false,
					"sender":	true
				}, {
					"socket":	7,
					"start":	55.000108,
					"end":	56.000082,
					"seconds":	0.999974012374878,
					"bytes":	130320,
					"bits_per_second":	1042587.0943625654,
					"packets":	90,
					"omitted":	false,
					"sender":	true
				}, {
					"socket":	10,
					"start":	55.000109,
					"end":	56.000082,
					"seconds":	0.99997299909591675,
					"bytes":	130320,
					"bits_per_second":	1042588.1508226587,
					"packets":	90,
					"omitted":	false,
					"sender":	true
				}, {
					"socket":	12,
					"start":	55.00011,
					"end":	56.000083,
					"seconds":	0.99997299909591675,
					"bytes":	130320,
					"bits_per_second":	1042588.1508226587,
					"packets":	90,
					"omitted":	false,
					"sender":	true
				}, {
					"socket":	14,
					"start":	55.00011,
					"end":	56.000083,
					"seconds":	0.99997299909591675,
					"bytes":	130320,
					"bits_per_second":	1042588.1508226587,
					"packets":	90,
					"omitted":	false,
					"sender":	true
				}],
			"sum":	{
				"start":	55.000081,
				"end":	56.000078,
				"seconds":	0.99999701976776123,
				"bytes":	651600,
				"bits_per_second":	5212815.5354009131,
				"packets":	450,
				"omitted":	false,
				"sender":	true
			}
		}, {
			"streams":	[{
					"socket":	6,
					"start":	56.000078,
					"end":	57.000078,
					"seconds":	1,
					"bytes":	131768,
					"bits_per_second":	1054144,
					"packets":	91,
					"omitted":	false,
					"sender":	true
				}, {
					"socket":	7,
					"start":	56.000082,
					"end":	57.000123,
					"seconds":	1.0000410079956055,
					"bytes":	131768,
					"bits_per_second":	1054100.7734401152,
					"packets":	91,
					"omitted":	false,
					"sender":	true
				}, {
					"socket":	10,
					"start":	56.000082,
					"end":	57.000124,
					"seconds":	1.0000419616699219,
					"bytes":	131768,
					"bits_per_second":	1054099.7682134614,
					"packets":	91,
					"omitted":	false,
					"sender":	true
				}, {
					"socket":	12,
					"start":	56.000083,
					"end":	57.000124,
					"seconds":	1.0000410079956055,
					"bytes":	131768,
					"bits_per_second":	1054100.7734401152,
					"packets":	91,
					"omitted":	false,
					"sender":	true
				}, {
					"socket":	14,
					"start":	56.000083,
					"end":	57.000125,
					"seconds":	1.0000419616699219,
					"bytes":	131768,
					"bits_per_second":	1054099.7682134614,
					"packets":	91,
					"omitted":	false,
					"sender":	true
				}],
			"sum":	{
				"start":	56.000078,
				"end":	57.000078,
				"seconds":	1,
				"bytes":	658840,
				"bits_per_second":	5270720,
				"packets":	455,
				"omitted":	false,
				"sender":	true
			}
		}, {
			"streams":	[{
					"socket":	6,
					"start":	57.000078,
					"end":	58.000077,
					"seconds":	0.99999898672103882,
					"bytes":	131768,
					"bits_per_second":	1054145.06814302,
					"packets":	91,
					"omitted":	false,
					"sender":	true
				}, {
					"socket":	7,
					"start":	57.000123,
					"end":	58.000081,
					"seconds":	0.99995797872543335,
					"bytes":	131768,
					"bits_per_second":	1054188.2983359294,
					"packets":	91,
					"omitted":	false,
					"sender":	true
				}, {
					"socket":	10,
					"start":	57.000124,
					"end":	58.000081,
					"seconds":	0.999957025051117,
					"bytes":	131768,
					"bits_per_second":	1054189.303731441,
					"packets":	91,
					"omitted":	false,
					"sender":	true
				}, {
					"socket":	12,
					"start":	57.000124,
					"end":	58.000082,
					"seconds":	0.99995797872543335,
					"bytes":	131768,
					"bits_per_second":	1054188.2983359294,
					"packets":	91,
					"omitted":	false,
					"sender":	true
				}, {
					"socket":	14,
					"start":	57.000125,
					"end":	58.000082,
					"seconds":	0.999957025051117,
					"bytes":	131768,
					"bits_per_second":	1054189.303731441,
					"packets":	91,
					"omitted":	false,
					"sender":	true
				}],
			"sum":	{
				"start":	57.000078,
				"end":	58.000077,
				"seconds":	0.99999898672103882,
				"bytes":	658840,
				"bits_per_second":	5270725.3407150982,
				"packets":	455,
				"omitted":	false,
				"sender":	true
			}
		}, {
			"streams":	[{
					"socket":	6,
					"start":	58.000077,
					"end":	59.000079,
					"seconds":	1.0000020265579224,
					"bytes":	130320,
					"bits_per_second":	1042557.8871960542,
					"packets":	90,
					"omitted":	false,
					"sender":	true
				}, {
					"socket":	7,
					"start":	58.000081,
					"end":	59.000102,
					"seconds":	1.0000209808349609,
					"bytes":	130320,
					"bits_per_second":	1042538.1266796236,
					"packets":	90,
					"omitted":	false,
					"sender":	true
				}, {
					"socket":	10,
					"start":	58.000081,
					"end":	59.000103,
					"seconds":	1.0000220537185669,
					"bytes":	130320,
					"bits_per_second":	1042537.008182226,
					"packets":	90,
					"omitted":	false,
					"sender":	true
				}, {
					"socket":	12,
					"start":	58.000082,
					"end":	59.000103,
					"seconds":	1.0000209808349609,
					"bytes":	130320,
					"bits_per_second":	1042538.1266796236,
					"packets":	90,
					"omitted":	false,
					"sender":	true
				}, {
					"socket":	14,
					"start":	58.000082,
					"end":	59.000104,
					"seconds":	1.0000220537185669,
					"bytes":	130320,
					"bits_per_second":	1042537.008182226,
					"packets":	90,
					"omitted":	false,
					"sender":	true
				}],
			"sum":	{
				"start":	58.000077,
				"end":	59.000079,
				"seconds":	1.0000020265579224,
				"bytes":	651600,
				"bits_per_second":	5212789.43598027,
				"packets":	450,
				"omitted":	false,
				"sender":	true
			}
		}, {
			"streams":	[{
					"socket":	6,
					"start":	59.000079,
					"end":	60.000084,
					"seconds":	1.0000050067901611,
					"bytes":	131768,
					"bits_per_second":	1054138.7221486175,
					"packets":	91,
					"omitted":	false,
					"sender":	true
				}, {
					"socket":	7,
					"start":	59.000102,
					"end":	60.000087,
					"seconds":	0.9999849796295166,
					"bytes":	131768,
					"bits_per_second":	1054159.8338712535,
					"packets":	91,
					"omitted":	false,
					"sender":	true
				}, {
					"socket":	10,
					"start":	59.000103,
					"end":	60.000088,
					"seconds":	0.9999849796295166,
					"bytes":	131768,
					"bits_per_second":	1054159.8338712535,
					"packets":	91,
					"omitted":	false,
					"sender":	true
				}, {
					"socket":	12,
					"start":	59.000103,
					"end":	60.000089,
					"seconds":	0.99998599290847778,
					"bytes":	131768,
					"bits_per_second":	1054158.76569831,
					"packets":	91,
					"omitted":	false,
					"sender":	true
				}, {
					"socket":	14,
					"start":	59.000104,
					"end":	60.000089,
					"seconds":	0.9999849796295166,
					"bytes":	131768,
					"bits_per_second":	1054159.8338712535,
					"packets":	91,
					"omitted":	false,
					"sender":	true
				}],
			"sum":	{
				"start":	59.000079,
				"end":	60.000084,
				"seconds":	1.0000050067901611,
				"bytes":	658840,
				"bits_per_second":	5270693.6107430877,
				"packets":	455,
				"omitted":	false,
				"sender":	true
			}
		}, {
			"streams":	[{
					"socket":	6,
					"start":	60.000084,
					"end":	60.389155,
					"seconds":	0.389070987701416,
					"bytes":	50680,
					"bits_per_second":	1042072.04550329,
					"packets":	35,
					"omitted":	false,
					"sender":	true
				}, {
					"socket":	7,
					"start":	60.000087,
					"end":	60.389185,
					"seconds":	0.38909798860549927,
					"bytes":	50680,
					"bits_per_second":	1041999.732388927,
					"packets":	35,
					"omitted":	false,
					"sender":	true
				}, {
					"socket":	10,
					"start":	60.000088,
					"end":	60.389185,
					"seconds":	0.38909700512886047,
					"bytes":	50680,
					"bits_per_second":	1042002.3661341908,
					"packets":	35,
					"omitted":	false,
					"sender":	true
				}, {
					"socket":	12,
					"start":	60.000089,
					"end":	60.389186,
					"seconds":	0.38909700512886047,
					"bytes":	50680,
					"bits_per_second":	1042002.3661341908,
					"packets":	35,
					"omitted":	false,
					"sender":	true
				}, {
					"socket":	14,
					"start":	60.000089,
					"end":	60.389187,
					"seconds":	0.38909798860549927,
					"bytes":	50680,
					"bits_per_second":	1041999.732388927,
					"packets":	35,
					"omitted":	false,
					"sender":	true
				}],
			"sum":	{
				"start":	60.000084,
				"end":	60.389155,
				"seconds":	0.389070987701416,
				"bytes":	253400,
				"bits_per_second":	5210360.22751645,
				"packets":	175,
				"omitted":	false,
				"sender":	true
			}
		}],
	"end":	{
		"streams":	[{
				"udp":	{
					"socket":	6,
					"start":	0,
					"end":	60.389155,
					"seconds":	60.389155,
					"bytes":	7916216,
					"bits_per_second":	1048693.726547424,
					"jitter_ms":	0,
					"lost_packets":	0,
					"packets":	5467,
					"lost_percent":	0,
					"out_of_order":	0,
					"sender":	true
				}
			}, {
				"udp":	{
					"socket":	7,
					"start":	0,
					"end":	60.389155,
					"seconds":	60.389155,
					"bytes":	7916216,
					"bits_per_second":	1048693.726547424,
					"jitter_ms":	0,
					"lost_packets":	0,
					"packets":	5467,
					"lost_percent":	0,
					"out_of_order":	0,
					"sender":	true
				}
			}, {
				"udp":	{
					"socket":	10,
					"start":	0,
					"end":	60.389155,
					"seconds":	60.389155,
					"bytes":	7916216,
					"bits_per_second":	1048693.726547424,
					"jitter_ms":	0,
					"lost_packets":	0,
					"packets":	5467,
					"lost_percent":	0,
					"out_of_order":	0,
					"sender":	true
				}
			}, {
				"udp":	{
					"socket":	12,
					"start":	0,
					"end":	60.389155,
					"seconds":	60.389155,
					"bytes":	7916216,
					"bits_per_second":	1048693.726547424,
					"jitter_ms":	0,
					"lost_packets":	0,
					"packets":	5467,
					"lost_percent":	0,
					"out_of_order":	0,
					"sender":	true
				}
			}, {
				"udp":	{
					"socket":	14,
					"start":	0,
					"end":	60.389155,
					"seconds":	60.389155,
					"bytes":	7916216,
					"bits_per_second":	1048693.726547424,
					"jitter_ms":	0,
					"lost_packets":	0,
					"packets":	5467,
					"lost_percent":	0,
					"out_of_order":	0,
					"sender":	true
				}
			}],
		"sum":	{
			"start":	0,
			"end":	60.389155,
			"seconds":	60.389155,
			"bytes":	39581080,
			"bits_per_second":	5243468.63273712,
			"jitter_ms":	0,
			"lost_packets":	0,
			"packets":	27335,
			"lost_percent":	0,
			"sender":	true
		},
		"sum_sent":	{
			"start":	0,
			"end":	60.389155,
			"seconds":	60.389155,
			"bytes":	39581080,
			"bits_per_second":	5243468.63273712,
			"jitter_ms":	0,
			"lost_packets":	0,
			"packets":	27335,
			"lost_percent":	0,
			"sender":	true
		},
		"sum_received":	{
			"start":	0,
			"end":	60.389155,
			"seconds":	60.389155,
			"bytes":	0,
			"bits_per_second":	0,
			"jitter_ms":	0,
			"lost_packets":	0,
			"packets":	0,
			"lost_percent":	0,
			"sender":	false
		},
		"cpu_utilization_percent":	{
			"host_total":	2.6556810342515,
			"host_user":	0.2845658775297164,
			"host_system":	2.3711135007960036,
			"remote_total":	0,
			"remote_user":	0,
			"remote_system":	0
		}
	}
}
